<?xml version="1.0" encoding="UTF-8"?>
<!-- Generated by org.testng.reporters.JUnitXMLReporter -->
<testsuite hostname="Arun-pc" name="Firefox" tests="81" failures="0" timestamp="14 Jun 2016 08:15:10 GMT" time="39.767" errors="0">
  <testcase name="@BeforeMethod LoginSitecore" time="0.0" classname="fotf_Testcase.AboutusPage_ContentEditor_OneItem">
    <failure type="org.openqa.selenium.NoSuchElementException" message="Unable to locate element: {&amp;quot;method&amp;quot;:&amp;quot;xpath&amp;quot;,&amp;quot;selector&amp;quot;:&amp;quot;.//*[@id=&amp;apos;UserName&amp;apos;]&amp;quot;}
Command duration or timeout: 3.09 seconds
For documentation on this error, please visit: http://seleniumhq.org/exceptions/no_such_element.html
Build info: version: &amp;apos;2.53.0&amp;apos;, revision: &amp;apos;35ae25b&amp;apos;, time: &amp;apos;2016-03-15 16:57:40&amp;apos;
System info: host: &amp;apos;Arun-pc&amp;apos;, ip: &amp;apos;192.2.200.122&amp;apos;, os.name: &amp;apos;Windows 7&amp;apos;, os.arch: &amp;apos;amd64&amp;apos;, os.version: &amp;apos;6.1&amp;apos;, java.version: &amp;apos;1.8.0_91&amp;apos;
Driver info: org.openqa.selenium.firefox.FirefoxDriver
Capabilities [{applicationCacheEnabled=true, rotatable=false, handlesAlerts=true, databaseEnabled=true, version=46.0.1, platform=WINDOWS, nativeEvents=false, acceptSslCerts=true, webStorageEnabled=true, locationContextEnabled=true, browserName=firefox, takesScreenshot=true, javascriptEnabled=true, cssSelectorsEnabled=true}]
Session ID: a92a59a9-3086-4464-baae-962f830c23d1
*** Element info: {Using=xpath, value=.//*[@id=&amp;apos;UserName&amp;apos;]}">
      <![CDATA[org.openqa.selenium.NoSuchElementException: Unable to locate element: {"method":"xpath","selector":".//*[@id='UserName']"}
Command duration or timeout: 3.09 seconds
For documentation on this error, please visit: http://seleniumhq.org/exceptions/no_such_element.html
Build info: version: '2.53.0', revision: '35ae25b', time: '2016-03-15 16:57:40'
System info: host: 'Arun-pc', ip: '192.2.200.122', os.name: 'Windows 7', os.arch: 'amd64', os.version: '6.1', java.version: '1.8.0_91'
Driver info: org.openqa.selenium.firefox.FirefoxDriver
Capabilities [{applicationCacheEnabled=true, rotatable=false, handlesAlerts=true, databaseEnabled=true, version=46.0.1, platform=WINDOWS, nativeEvents=false, acceptSslCerts=true, webStorageEnabled=true, locationContextEnabled=true, browserName=firefox, takesScreenshot=true, javascriptEnabled=true, cssSelectorsEnabled=true}]
Session ID: a92a59a9-3086-4464-baae-962f830c23d1
*** Element info: {Using=xpath, value=.//*[@id='UserName']}
	at org.openqa.selenium.remote.ErrorHandler.createThrowable(ErrorHandler.java:206)
	at org.openqa.selenium.remote.ErrorHandler.throwIfResponseFailed(ErrorHandler.java:158)
	at org.openqa.selenium.remote.RemoteWebDriver.execute(RemoteWebDriver.java:678)
	at org.openqa.selenium.remote.RemoteWebDriver.findElement(RemoteWebDriver.java:363)
	at org.openqa.selenium.remote.RemoteWebDriver.findElementByXPath(RemoteWebDriver.java:500)
	at org.openqa.selenium.By$ByXPath.findElement(By.java:361)
	at org.openqa.selenium.remote.RemoteWebDriver.findElement(RemoteWebDriver.java:355)
	at org.openqa.selenium.support.pagefactory.DefaultElementLocator.findElement(DefaultElementLocator.java:69)
	at org.openqa.selenium.support.pagefactory.internal.LocatingElementHandler.invoke(LocatingElementHandler.java:38)
	at com.sun.proxy.$Proxy9.clear(Unknown Source)
	at fotf_Operations.Opr_Sitecore_AboutUs.loginSitecore(Opr_Sitecore_AboutUs.java:24)
	at fotf_Testcase.AboutusPage_ContentEditor_OneItem.LoginSitecore(AboutusPage_ContentEditor_OneItem.java:29)
Caused by: org.openqa.selenium.NoSuchElementException: Unable to locate element: {"method":"xpath","selector":".//*[@id='UserName']"}
For documentation on this error, please visit: http://seleniumhq.org/exceptions/no_such_element.html
Build info: version: '2.53.0', revision: '35ae25b', time: '2016-03-15 16:57:40'
System info: host: 'Arun-pc', ip: '192.2.200.122', os.name: 'Windows 7', os.arch: 'amd64', os.version: '6.1', java.version: '1.8.0_91'
Driver info: driver.version: unknown
	at <anonymous class>.FirefoxDriver.prototype.findElementInternal_(file:///C:/Users/Arun/AppData/Local/Temp/anonymous8073290441098898877webdriver-profile/extensions/fxdriver@googlecode.com/components/driver-component.js:10770)
	at <anonymous class>.fxdriver.Timer.prototype.setTimeout/<.notify(file:///C:/Users/Arun/AppData/Local/Temp/anonymous8073290441098898877webdriver-profile/extensions/fxdriver@googlecode.com/components/driver-component.js:625)
... Removed 29 stack frames]]>
    </failure>
  </testcase> <!-- @BeforeMethod LoginSitecore -->
  <testcase name="@AfterMethod LogoutSitecore" time="0.0" classname="fotf_Testcase.AboutusPage_ContentEditor_OneItem">
    <skipped/>
  </testcase> <!-- @AfterMethod LogoutSitecore -->
  <testcase name="@BeforeMethod LoginSitecore" time="0.0" classname="fotf_Testcase.AboutusPage_ContentEditor_OneItem">
    <skipped/>
  </testcase> <!-- @BeforeMethod LoginSitecore -->
  <testcase name="@AfterMethod LogoutSitecore" time="0.0" classname="fotf_Testcase.AboutusPage_ContentEditor_OneItem">
    <skipped/>
  </testcase> <!-- @AfterMethod LogoutSitecore -->
  <testcase name="@BeforeMethod LoginSitecore" time="0.0" classname="fotf_Testcase.AboutusPage_ContentEditor_OneItem">
    <skipped/>
  </testcase> <!-- @BeforeMethod LoginSitecore -->
  <testcase name="@AfterMethod LogoutSitecore" time="0.0" classname="fotf_Testcase.AboutusPage_ContentEditor_OneItem">
    <skipped/>
  </testcase> <!-- @AfterMethod LogoutSitecore -->
  <testcase name="@BeforeMethod LoginSitecore" time="0.0" classname="fotf_Testcase.AboutusPage_ContentEditor_OneItem">
    <skipped/>
  </testcase> <!-- @BeforeMethod LoginSitecore -->
  <testcase name="@AfterMethod LogoutSitecore" time="0.0" classname="fotf_Testcase.AboutusPage_ContentEditor_OneItem">
    <skipped/>
  </testcase> <!-- @AfterMethod LogoutSitecore -->
  <testcase name="@BeforeMethod LoginSitecore" time="0.0" classname="fotf_Testcase.AboutusPage_ContentEditor_OneItem">
    <skipped/>
  </testcase> <!-- @BeforeMethod LoginSitecore -->
  <testcase name="@AfterMethod LogoutSitecore" time="0.0" classname="fotf_Testcase.AboutusPage_ContentEditor_OneItem">
    <skipped/>
  </testcase> <!-- @AfterMethod LogoutSitecore -->
  <testcase name="@BeforeMethod LoginSitecore" time="0.0" classname="fotf_Testcase.AboutusPage_ContentEditor_OneItem">
    <skipped/>
  </testcase> <!-- @BeforeMethod LoginSitecore -->
  <testcase name="@AfterMethod LogoutSitecore" time="0.0" classname="fotf_Testcase.AboutusPage_ContentEditor_OneItem">
    <skipped/>
  </testcase> <!-- @AfterMethod LogoutSitecore -->
  <testcase name="@BeforeMethod LoginSitecore" time="0.0" classname="fotf_Testcase.AboutusPage_ContentEditor_OneItem">
    <skipped/>
  </testcase> <!-- @BeforeMethod LoginSitecore -->
  <testcase name="@AfterMethod LogoutSitecore" time="0.0" classname="fotf_Testcase.AboutusPage_ContentEditor_OneItem">
    <skipped/>
  </testcase> <!-- @AfterMethod LogoutSitecore -->
  <testcase name="@BeforeMethod LoginSitecore" time="0.0" classname="fotf_Testcase.AboutusPage_ContentEditor_OneItem">
    <skipped/>
  </testcase> <!-- @BeforeMethod LoginSitecore -->
  <testcase name="@AfterMethod LogoutSitecore" time="0.0" classname="fotf_Testcase.AboutusPage_ContentEditor_OneItem">
    <skipped/>
  </testcase> <!-- @AfterMethod LogoutSitecore -->
  <testcase name="@BeforeMethod LoginSitecore" time="0.0" classname="fotf_Testcase.AboutusPage_ContentEditor_TwoItem">
    <failure type="org.openqa.selenium.remote.UnreachableBrowserException" message="Error communicating with the remote browser. It may have died.
Build info: version: &amp;apos;2.53.0&amp;apos;, revision: &amp;apos;35ae25b&amp;apos;, time: &amp;apos;2016-03-15 16:57:40&amp;apos;
System info: host: &amp;apos;Arun-pc&amp;apos;, ip: &amp;apos;192.2.200.122&amp;apos;, os.name: &amp;apos;Windows 7&amp;apos;, os.arch: &amp;apos;amd64&amp;apos;, os.version: &amp;apos;6.1&amp;apos;, java.version: &amp;apos;1.8.0_91&amp;apos;
Driver info: driver.version: RemoteWebDriver
Capabilities [{applicationCacheEnabled=true, rotatable=false, handlesAlerts=true, databaseEnabled=true, version=46.0.1, platform=WINDOWS, nativeEvents=false, acceptSslCerts=true, webStorageEnabled=true, locationContextEnabled=true, browserName=firefox, takesScreenshot=true, javascriptEnabled=true, cssSelectorsEnabled=true}]
Session ID: a92a59a9-3086-4464-baae-962f830c23d1">
      <![CDATA[org.openqa.selenium.remote.UnreachableBrowserException: Error communicating with the remote browser. It may have died.
Build info: version: '2.53.0', revision: '35ae25b', time: '2016-03-15 16:57:40'
System info: host: 'Arun-pc', ip: '192.2.200.122', os.name: 'Windows 7', os.arch: 'amd64', os.version: '6.1', java.version: '1.8.0_91'
Driver info: driver.version: RemoteWebDriver
Capabilities [{applicationCacheEnabled=true, rotatable=false, handlesAlerts=true, databaseEnabled=true, version=46.0.1, platform=WINDOWS, nativeEvents=false, acceptSslCerts=true, webStorageEnabled=true, locationContextEnabled=true, browserName=firefox, takesScreenshot=true, javascriptEnabled=true, cssSelectorsEnabled=true}]
Session ID: a92a59a9-3086-4464-baae-962f830c23d1
	at org.openqa.selenium.remote.RemoteWebDriver.execute(RemoteWebDriver.java:665)
	at org.openqa.selenium.remote.RemoteWebDriver.get(RemoteWebDriver.java:316)
	at fotf_Testcase.AboutusPage_ContentEditor_TwoItem.LoginSitecore(AboutusPage_ContentEditor_TwoItem.java:26)
Caused by: org.apache.http.conn.HttpHostConnectException: Connect to 127.0.0.1:7055 [/127.0.0.1] failed: Connection refused: connect
	at org.apache.http.impl.conn.DefaultHttpClientConnectionOperator.connect(DefaultHttpClientConnectionOperator.java:151)
	at org.apache.http.impl.conn.PoolingHttpClientConnectionManager.connect(PoolingHttpClientConnectionManager.java:353)
	at org.apache.http.impl.execchain.MainClientExec.establishRoute(MainClientExec.java:380)
	at org.apache.http.impl.execchain.MainClientExec.execute(MainClientExec.java:236)
	at org.apache.http.impl.execchain.ProtocolExec.execute(ProtocolExec.java:184)
	at org.apache.http.impl.execchain.RetryExec.execute(RetryExec.java:88)
	at org.apache.http.impl.execchain.RedirectExec.execute(RedirectExec.java:110)
	at org.apache.http.impl.client.InternalHttpClient.doExecute(InternalHttpClient.java:184)
	at org.apache.http.impl.client.CloseableHttpClient.execute(CloseableHttpClient.java:71)
	at org.apache.http.impl.client.CloseableHttpClient.execute(CloseableHttpClient.java:55)
	at org.openqa.selenium.remote.internal.ApacheHttpClient.fallBackExecute(ApacheHttpClient.java:162)
	at org.openqa.selenium.remote.internal.ApacheHttpClient.execute(ApacheHttpClient.java:90)
	at org.openqa.selenium.remote.HttpCommandExecutor.execute(HttpCommandExecutor.java:142)
	at org.openqa.selenium.firefox.internal.NewProfileExtensionConnection.execute(NewProfileExtensionConnection.java:160)
	at org.openqa.selenium.firefox.FirefoxDriver$LazyCommandExecutor.execute(FirefoxDriver.java:380)
	at org.openqa.selenium.remote.RemoteWebDriver.execute(RemoteWebDriver.java:644)
	... 27 more
Caused by: java.net.ConnectException: Connection refused: connect
	at java.net.DualStackPlainSocketImpl.waitForConnect(Native Method)
	at java.net.DualStackPlainSocketImpl.socketConnect(Unknown Source)
	at java.net.AbstractPlainSocketImpl.doConnect(Unknown Source)
	at java.net.AbstractPlainSocketImpl.connectToAddress(Unknown Source)
	at java.net.AbstractPlainSocketImpl.connect(Unknown Source)
	at java.net.PlainSocketImpl.connect(Unknown Source)
	at java.net.SocksSocketImpl.connect(Unknown Source)
	at java.net.Socket.connect(Unknown Source)
	at org.apache.http.conn.socket.PlainConnectionSocketFactory.connectSocket(PlainConnectionSocketFactory.java:74)
	at org.apache.http.impl.conn.DefaultHttpClientConnectionOperator.connect(DefaultHttpClientConnectionOperator.java:134)
	... 42 more
... Removed 25 stack frames]]>
    </failure>
  </testcase> <!-- @BeforeMethod LoginSitecore -->
  <testcase name="@AfterMethod LogoutSitecore" time="0.0" classname="fotf_Testcase.AboutusPage_ContentEditor_TwoItem">
    <skipped/>
  </testcase> <!-- @AfterMethod LogoutSitecore -->
  <testcase name="@BeforeMethod LoginSitecore" time="0.0" classname="fotf_Testcase.AboutusPage_ContentEditor_TwoItem">
    <skipped/>
  </testcase> <!-- @BeforeMethod LoginSitecore -->
  <testcase name="@AfterMethod LogoutSitecore" time="0.0" classname="fotf_Testcase.AboutusPage_ContentEditor_TwoItem">
    <skipped/>
  </testcase> <!-- @AfterMethod LogoutSitecore -->
  <testcase name="@BeforeMethod LoginSitecore" time="0.0" classname="fotf_Testcase.AboutusPage_ContentEditor_ThreeItem">
    <failure type="org.openqa.selenium.remote.UnreachableBrowserException" message="Error communicating with the remote browser. It may have died.
Build info: version: &amp;apos;2.53.0&amp;apos;, revision: &amp;apos;35ae25b&amp;apos;, time: &amp;apos;2016-03-15 16:57:40&amp;apos;
System info: host: &amp;apos;Arun-pc&amp;apos;, ip: &amp;apos;192.2.200.122&amp;apos;, os.name: &amp;apos;Windows 7&amp;apos;, os.arch: &amp;apos;amd64&amp;apos;, os.version: &amp;apos;6.1&amp;apos;, java.version: &amp;apos;1.8.0_91&amp;apos;
Driver info: driver.version: RemoteWebDriver
Capabilities [{applicationCacheEnabled=true, rotatable=false, handlesAlerts=true, databaseEnabled=true, version=46.0.1, platform=WINDOWS, nativeEvents=false, acceptSslCerts=true, webStorageEnabled=true, locationContextEnabled=true, browserName=firefox, takesScreenshot=true, javascriptEnabled=true, cssSelectorsEnabled=true}]
Session ID: a92a59a9-3086-4464-baae-962f830c23d1">
      <![CDATA[org.openqa.selenium.remote.UnreachableBrowserException: Error communicating with the remote browser. It may have died.
Build info: version: '2.53.0', revision: '35ae25b', time: '2016-03-15 16:57:40'
System info: host: 'Arun-pc', ip: '192.2.200.122', os.name: 'Windows 7', os.arch: 'amd64', os.version: '6.1', java.version: '1.8.0_91'
Driver info: driver.version: RemoteWebDriver
Capabilities [{applicationCacheEnabled=true, rotatable=false, handlesAlerts=true, databaseEnabled=true, version=46.0.1, platform=WINDOWS, nativeEvents=false, acceptSslCerts=true, webStorageEnabled=true, locationContextEnabled=true, browserName=firefox, takesScreenshot=true, javascriptEnabled=true, cssSelectorsEnabled=true}]
Session ID: a92a59a9-3086-4464-baae-962f830c23d1
	at org.openqa.selenium.remote.RemoteWebDriver.execute(RemoteWebDriver.java:665)
	at org.openqa.selenium.remote.RemoteWebDriver.get(RemoteWebDriver.java:316)
	at fotf_Testcase.AboutusPage_ContentEditor_ThreeItem.LoginSitecore(AboutusPage_ContentEditor_ThreeItem.java:23)
Caused by: org.apache.http.conn.HttpHostConnectException: Connect to 127.0.0.1:7055 [/127.0.0.1] failed: Connection refused: connect
	at org.apache.http.impl.conn.DefaultHttpClientConnectionOperator.connect(DefaultHttpClientConnectionOperator.java:151)
	at org.apache.http.impl.conn.PoolingHttpClientConnectionManager.connect(PoolingHttpClientConnectionManager.java:353)
	at org.apache.http.impl.execchain.MainClientExec.establishRoute(MainClientExec.java:380)
	at org.apache.http.impl.execchain.MainClientExec.execute(MainClientExec.java:236)
	at org.apache.http.impl.execchain.ProtocolExec.execute(ProtocolExec.java:184)
	at org.apache.http.impl.execchain.RetryExec.execute(RetryExec.java:88)
	at org.apache.http.impl.execchain.RedirectExec.execute(RedirectExec.java:110)
	at org.apache.http.impl.client.InternalHttpClient.doExecute(InternalHttpClient.java:184)
	at org.apache.http.impl.client.CloseableHttpClient.execute(CloseableHttpClient.java:71)
	at org.apache.http.impl.client.CloseableHttpClient.execute(CloseableHttpClient.java:55)
	at org.openqa.selenium.remote.internal.ApacheHttpClient.fallBackExecute(ApacheHttpClient.java:144)
	at org.openqa.selenium.remote.internal.ApacheHttpClient.execute(ApacheHttpClient.java:90)
	at org.openqa.selenium.remote.HttpCommandExecutor.execute(HttpCommandExecutor.java:142)
	at org.openqa.selenium.firefox.internal.NewProfileExtensionConnection.execute(NewProfileExtensionConnection.java:160)
	at org.openqa.selenium.firefox.FirefoxDriver$LazyCommandExecutor.execute(FirefoxDriver.java:380)
	at org.openqa.selenium.remote.RemoteWebDriver.execute(RemoteWebDriver.java:644)
	... 27 more
Caused by: java.net.ConnectException: Connection refused: connect
	at java.net.DualStackPlainSocketImpl.waitForConnect(Native Method)
	at java.net.DualStackPlainSocketImpl.socketConnect(Unknown Source)
	at java.net.AbstractPlainSocketImpl.doConnect(Unknown Source)
	at java.net.AbstractPlainSocketImpl.connectToAddress(Unknown Source)
	at java.net.AbstractPlainSocketImpl.connect(Unknown Source)
	at java.net.PlainSocketImpl.connect(Unknown Source)
	at java.net.SocksSocketImpl.connect(Unknown Source)
	at java.net.Socket.connect(Unknown Source)
	at org.apache.http.conn.socket.PlainConnectionSocketFactory.connectSocket(PlainConnectionSocketFactory.java:74)
	at org.apache.http.impl.conn.DefaultHttpClientConnectionOperator.connect(DefaultHttpClientConnectionOperator.java:134)
	... 42 more
... Removed 25 stack frames]]>
    </failure>
  </testcase> <!-- @BeforeMethod LoginSitecore -->
  <testcase name="@AfterMethod LogoutSitecore" time="0.0" classname="fotf_Testcase.AboutusPage_ContentEditor_ThreeItem">
    <skipped/>
  </testcase> <!-- @AfterMethod LogoutSitecore -->
  <testcase name="@BeforeMethod LoginSitecore" time="0.0" classname="fotf_Testcase.AboutusPage_ContentEditor_ThreeItem">
    <skipped/>
  </testcase> <!-- @BeforeMethod LoginSitecore -->
  <testcase name="@AfterMethod LogoutSitecore" time="0.0" classname="fotf_Testcase.AboutusPage_ContentEditor_ThreeItem">
    <skipped/>
  </testcase> <!-- @AfterMethod LogoutSitecore -->
  <testcase name="@BeforeMethod LoginSitecore" time="0.0" classname="fotf_Testcase.AboutusPage_ContentEditor_ThreeItem">
    <skipped/>
  </testcase> <!-- @BeforeMethod LoginSitecore -->
  <testcase name="@AfterMethod LogoutSitecore" time="0.0" classname="fotf_Testcase.AboutusPage_ContentEditor_ThreeItem">
    <skipped/>
  </testcase> <!-- @AfterMethod LogoutSitecore -->
  <testcase name="@BeforeMethod LoginSitecore" time="0.0" classname="fotf_Testcase.AboutusPage_ContentEditor_FourItem">
    <failure type="org.openqa.selenium.remote.UnreachableBrowserException" message="Error communicating with the remote browser. It may have died.
Build info: version: &amp;apos;2.53.0&amp;apos;, revision: &amp;apos;35ae25b&amp;apos;, time: &amp;apos;2016-03-15 16:57:40&amp;apos;
System info: host: &amp;apos;Arun-pc&amp;apos;, ip: &amp;apos;192.2.200.122&amp;apos;, os.name: &amp;apos;Windows 7&amp;apos;, os.arch: &amp;apos;amd64&amp;apos;, os.version: &amp;apos;6.1&amp;apos;, java.version: &amp;apos;1.8.0_91&amp;apos;
Driver info: driver.version: RemoteWebDriver
Capabilities [{applicationCacheEnabled=true, rotatable=false, handlesAlerts=true, databaseEnabled=true, version=46.0.1, platform=WINDOWS, nativeEvents=false, acceptSslCerts=true, webStorageEnabled=true, locationContextEnabled=true, browserName=firefox, takesScreenshot=true, javascriptEnabled=true, cssSelectorsEnabled=true}]
Session ID: a92a59a9-3086-4464-baae-962f830c23d1">
      <![CDATA[org.openqa.selenium.remote.UnreachableBrowserException: Error communicating with the remote browser. It may have died.
Build info: version: '2.53.0', revision: '35ae25b', time: '2016-03-15 16:57:40'
System info: host: 'Arun-pc', ip: '192.2.200.122', os.name: 'Windows 7', os.arch: 'amd64', os.version: '6.1', java.version: '1.8.0_91'
Driver info: driver.version: RemoteWebDriver
Capabilities [{applicationCacheEnabled=true, rotatable=false, handlesAlerts=true, databaseEnabled=true, version=46.0.1, platform=WINDOWS, nativeEvents=false, acceptSslCerts=true, webStorageEnabled=true, locationContextEnabled=true, browserName=firefox, takesScreenshot=true, javascriptEnabled=true, cssSelectorsEnabled=true}]
Session ID: a92a59a9-3086-4464-baae-962f830c23d1
	at org.openqa.selenium.remote.RemoteWebDriver.execute(RemoteWebDriver.java:665)
	at org.openqa.selenium.remote.RemoteWebDriver.get(RemoteWebDriver.java:316)
	at fotf_Testcase.AboutusPage_ContentEditor_FourItem.LoginSitecore(AboutusPage_ContentEditor_FourItem.java:25)
Caused by: org.apache.http.conn.HttpHostConnectException: Connect to 127.0.0.1:7055 [/127.0.0.1] failed: Connection refused: connect
	at org.apache.http.impl.conn.DefaultHttpClientConnectionOperator.connect(DefaultHttpClientConnectionOperator.java:151)
	at org.apache.http.impl.conn.PoolingHttpClientConnectionManager.connect(PoolingHttpClientConnectionManager.java:353)
	at org.apache.http.impl.execchain.MainClientExec.establishRoute(MainClientExec.java:380)
	at org.apache.http.impl.execchain.MainClientExec.execute(MainClientExec.java:236)
	at org.apache.http.impl.execchain.ProtocolExec.execute(ProtocolExec.java:184)
	at org.apache.http.impl.execchain.RetryExec.execute(RetryExec.java:88)
	at org.apache.http.impl.execchain.RedirectExec.execute(RedirectExec.java:110)
	at org.apache.http.impl.client.InternalHttpClient.doExecute(InternalHttpClient.java:184)
	at org.apache.http.impl.client.CloseableHttpClient.execute(CloseableHttpClient.java:71)
	at org.apache.http.impl.client.CloseableHttpClient.execute(CloseableHttpClient.java:55)
	at org.openqa.selenium.remote.internal.ApacheHttpClient.fallBackExecute(ApacheHttpClient.java:144)
	at org.openqa.selenium.remote.internal.ApacheHttpClient.execute(ApacheHttpClient.java:90)
	at org.openqa.selenium.remote.HttpCommandExecutor.execute(HttpCommandExecutor.java:142)
	at org.openqa.selenium.firefox.internal.NewProfileExtensionConnection.execute(NewProfileExtensionConnection.java:160)
	at org.openqa.selenium.firefox.FirefoxDriver$LazyCommandExecutor.execute(FirefoxDriver.java:380)
	at org.openqa.selenium.remote.RemoteWebDriver.execute(RemoteWebDriver.java:644)
	... 27 more
Caused by: java.net.ConnectException: Connection refused: connect
	at java.net.DualStackPlainSocketImpl.waitForConnect(Native Method)
	at java.net.DualStackPlainSocketImpl.socketConnect(Unknown Source)
	at java.net.AbstractPlainSocketImpl.doConnect(Unknown Source)
	at java.net.AbstractPlainSocketImpl.connectToAddress(Unknown Source)
	at java.net.AbstractPlainSocketImpl.connect(Unknown Source)
	at java.net.PlainSocketImpl.connect(Unknown Source)
	at java.net.SocksSocketImpl.connect(Unknown Source)
	at java.net.Socket.connect(Unknown Source)
	at org.apache.http.conn.socket.PlainConnectionSocketFactory.connectSocket(PlainConnectionSocketFactory.java:74)
	at org.apache.http.impl.conn.DefaultHttpClientConnectionOperator.connect(DefaultHttpClientConnectionOperator.java:134)
	... 42 more
... Removed 25 stack frames]]>
    </failure>
  </testcase> <!-- @BeforeMethod LoginSitecore -->
  <testcase name="@AfterMethod LogoutSitecore" time="0.0" classname="fotf_Testcase.AboutusPage_ContentEditor_FourItem">
    <skipped/>
  </testcase> <!-- @AfterMethod LogoutSitecore -->
  <testcase name="@BeforeMethod LoginSitecore" time="0.0" classname="fotf_Testcase.AboutusPage_ContentEditor_FourItem">
    <skipped/>
  </testcase> <!-- @BeforeMethod LoginSitecore -->
  <testcase name="@AfterMethod LogoutSitecore" time="0.0" classname="fotf_Testcase.AboutusPage_ContentEditor_FourItem">
    <skipped/>
  </testcase> <!-- @AfterMethod LogoutSitecore -->
  <testcase name="@BeforeMethod LoginSitecore" time="0.0" classname="fotf_Testcase.AboutusPage_ContentEditor_FourItem">
    <skipped/>
  </testcase> <!-- @BeforeMethod LoginSitecore -->
  <testcase name="@AfterMethod LogoutSitecore" time="0.0" classname="fotf_Testcase.AboutusPage_ContentEditor_FourItem">
    <skipped/>
  </testcase> <!-- @AfterMethod LogoutSitecore -->
  <testcase name="@BeforeMethod LoginSitecore" time="0.0" classname="fotf_Testcase.AboutusPage_ContentEditor_FourItem">
    <skipped/>
  </testcase> <!-- @BeforeMethod LoginSitecore -->
  <testcase name="@AfterMethod LogoutSitecore" time="0.0" classname="fotf_Testcase.AboutusPage_ContentEditor_FourItem">
    <skipped/>
  </testcase> <!-- @AfterMethod LogoutSitecore -->
  <testcase name="@BeforeMethod LoginSitecore" time="0.0" classname="fotf_Testcase.AboutusPage_ContentEditor_FiveItem">
    <failure type="org.openqa.selenium.remote.UnreachableBrowserException" message="Error communicating with the remote browser. It may have died.
Build info: version: &amp;apos;2.53.0&amp;apos;, revision: &amp;apos;35ae25b&amp;apos;, time: &amp;apos;2016-03-15 16:57:40&amp;apos;
System info: host: &amp;apos;Arun-pc&amp;apos;, ip: &amp;apos;192.2.200.122&amp;apos;, os.name: &amp;apos;Windows 7&amp;apos;, os.arch: &amp;apos;amd64&amp;apos;, os.version: &amp;apos;6.1&amp;apos;, java.version: &amp;apos;1.8.0_91&amp;apos;
Driver info: driver.version: RemoteWebDriver
Capabilities [{applicationCacheEnabled=true, rotatable=false, handlesAlerts=true, databaseEnabled=true, version=46.0.1, platform=WINDOWS, nativeEvents=false, acceptSslCerts=true, webStorageEnabled=true, locationContextEnabled=true, browserName=firefox, takesScreenshot=true, javascriptEnabled=true, cssSelectorsEnabled=true}]
Session ID: a92a59a9-3086-4464-baae-962f830c23d1">
      <![CDATA[org.openqa.selenium.remote.UnreachableBrowserException: Error communicating with the remote browser. It may have died.
Build info: version: '2.53.0', revision: '35ae25b', time: '2016-03-15 16:57:40'
System info: host: 'Arun-pc', ip: '192.2.200.122', os.name: 'Windows 7', os.arch: 'amd64', os.version: '6.1', java.version: '1.8.0_91'
Driver info: driver.version: RemoteWebDriver
Capabilities [{applicationCacheEnabled=true, rotatable=false, handlesAlerts=true, databaseEnabled=true, version=46.0.1, platform=WINDOWS, nativeEvents=false, acceptSslCerts=true, webStorageEnabled=true, locationContextEnabled=true, browserName=firefox, takesScreenshot=true, javascriptEnabled=true, cssSelectorsEnabled=true}]
Session ID: a92a59a9-3086-4464-baae-962f830c23d1
	at org.openqa.selenium.remote.RemoteWebDriver.execute(RemoteWebDriver.java:665)
	at org.openqa.selenium.remote.RemoteWebDriver.get(RemoteWebDriver.java:316)
	at fotf_Testcase.AboutusPage_ContentEditor_FiveItem.LoginSitecore(AboutusPage_ContentEditor_FiveItem.java:23)
Caused by: org.apache.http.conn.HttpHostConnectException: Connect to 127.0.0.1:7055 [/127.0.0.1] failed: Connection refused: connect
	at org.apache.http.impl.conn.DefaultHttpClientConnectionOperator.connect(DefaultHttpClientConnectionOperator.java:151)
	at org.apache.http.impl.conn.PoolingHttpClientConnectionManager.connect(PoolingHttpClientConnectionManager.java:353)
	at org.apache.http.impl.execchain.MainClientExec.establishRoute(MainClientExec.java:380)
	at org.apache.http.impl.execchain.MainClientExec.execute(MainClientExec.java:236)
	at org.apache.http.impl.execchain.ProtocolExec.execute(ProtocolExec.java:184)
	at org.apache.http.impl.execchain.RetryExec.execute(RetryExec.java:88)
	at org.apache.http.impl.execchain.RedirectExec.execute(RedirectExec.java:110)
	at org.apache.http.impl.client.InternalHttpClient.doExecute(InternalHttpClient.java:184)
	at org.apache.http.impl.client.CloseableHttpClient.execute(CloseableHttpClient.java:71)
	at org.apache.http.impl.client.CloseableHttpClient.execute(CloseableHttpClient.java:55)
	at org.openqa.selenium.remote.internal.ApacheHttpClient.fallBackExecute(ApacheHttpClient.java:144)
	at org.openqa.selenium.remote.internal.ApacheHttpClient.execute(ApacheHttpClient.java:90)
	at org.openqa.selenium.remote.HttpCommandExecutor.execute(HttpCommandExecutor.java:142)
	at org.openqa.selenium.firefox.internal.NewProfileExtensionConnection.execute(NewProfileExtensionConnection.java:160)
	at org.openqa.selenium.firefox.FirefoxDriver$LazyCommandExecutor.execute(FirefoxDriver.java:380)
	at org.openqa.selenium.remote.RemoteWebDriver.execute(RemoteWebDriver.java:644)
	... 27 more
Caused by: java.net.ConnectException: Connection refused: connect
	at java.net.DualStackPlainSocketImpl.waitForConnect(Native Method)
	at java.net.DualStackPlainSocketImpl.socketConnect(Unknown Source)
	at java.net.AbstractPlainSocketImpl.doConnect(Unknown Source)
	at java.net.AbstractPlainSocketImpl.connectToAddress(Unknown Source)
	at java.net.AbstractPlainSocketImpl.connect(Unknown Source)
	at java.net.PlainSocketImpl.connect(Unknown Source)
	at java.net.SocksSocketImpl.connect(Unknown Source)
	at java.net.Socket.connect(Unknown Source)
	at org.apache.http.conn.socket.PlainConnectionSocketFactory.connectSocket(PlainConnectionSocketFactory.java:74)
	at org.apache.http.impl.conn.DefaultHttpClientConnectionOperator.connect(DefaultHttpClientConnectionOperator.java:134)
	... 42 more
... Removed 25 stack frames]]>
    </failure>
  </testcase> <!-- @BeforeMethod LoginSitecore -->
  <testcase name="@AfterMethod LogoutSitecore" time="0.0" classname="fotf_Testcase.AboutusPage_ContentEditor_FiveItem">
    <skipped/>
  </testcase> <!-- @AfterMethod LogoutSitecore -->
  <testcase name="@BeforeMethod LoginSitecore" time="0.0" classname="fotf_Testcase.AboutusPage_ContentEditor_FiveItem">
    <skipped/>
  </testcase> <!-- @BeforeMethod LoginSitecore -->
  <testcase name="@AfterMethod LogoutSitecore" time="0.0" classname="fotf_Testcase.AboutusPage_ContentEditor_FiveItem">
    <skipped/>
  </testcase> <!-- @AfterMethod LogoutSitecore -->
  <testcase name="@BeforeMethod LoginSitecore" time="0.0" classname="fotf_Testcase.AboutusPage_ContentEditor_SixItem">
    <failure type="org.openqa.selenium.remote.UnreachableBrowserException" message="Error communicating with the remote browser. It may have died.
Build info: version: &amp;apos;2.53.0&amp;apos;, revision: &amp;apos;35ae25b&amp;apos;, time: &amp;apos;2016-03-15 16:57:40&amp;apos;
System info: host: &amp;apos;Arun-pc&amp;apos;, ip: &amp;apos;192.2.200.122&amp;apos;, os.name: &amp;apos;Windows 7&amp;apos;, os.arch: &amp;apos;amd64&amp;apos;, os.version: &amp;apos;6.1&amp;apos;, java.version: &amp;apos;1.8.0_91&amp;apos;
Driver info: driver.version: RemoteWebDriver
Capabilities [{applicationCacheEnabled=true, rotatable=false, handlesAlerts=true, databaseEnabled=true, version=46.0.1, platform=WINDOWS, nativeEvents=false, acceptSslCerts=true, webStorageEnabled=true, locationContextEnabled=true, browserName=firefox, takesScreenshot=true, javascriptEnabled=true, cssSelectorsEnabled=true}]
Session ID: a92a59a9-3086-4464-baae-962f830c23d1">
      <![CDATA[org.openqa.selenium.remote.UnreachableBrowserException: Error communicating with the remote browser. It may have died.
Build info: version: '2.53.0', revision: '35ae25b', time: '2016-03-15 16:57:40'
System info: host: 'Arun-pc', ip: '192.2.200.122', os.name: 'Windows 7', os.arch: 'amd64', os.version: '6.1', java.version: '1.8.0_91'
Driver info: driver.version: RemoteWebDriver
Capabilities [{applicationCacheEnabled=true, rotatable=false, handlesAlerts=true, databaseEnabled=true, version=46.0.1, platform=WINDOWS, nativeEvents=false, acceptSslCerts=true, webStorageEnabled=true, locationContextEnabled=true, browserName=firefox, takesScreenshot=true, javascriptEnabled=true, cssSelectorsEnabled=true}]
Session ID: a92a59a9-3086-4464-baae-962f830c23d1
	at org.openqa.selenium.remote.RemoteWebDriver.execute(RemoteWebDriver.java:665)
	at org.openqa.selenium.remote.RemoteWebDriver.get(RemoteWebDriver.java:316)
	at fotf_Testcase.AboutusPage_ContentEditor_SixItem.LoginSitecore(AboutusPage_ContentEditor_SixItem.java:23)
Caused by: org.apache.http.conn.HttpHostConnectException: Connect to 127.0.0.1:7055 [/127.0.0.1] failed: Connection refused: connect
	at org.apache.http.impl.conn.DefaultHttpClientConnectionOperator.connect(DefaultHttpClientConnectionOperator.java:151)
	at org.apache.http.impl.conn.PoolingHttpClientConnectionManager.connect(PoolingHttpClientConnectionManager.java:353)
	at org.apache.http.impl.execchain.MainClientExec.establishRoute(MainClientExec.java:380)
	at org.apache.http.impl.execchain.MainClientExec.execute(MainClientExec.java:236)
	at org.apache.http.impl.execchain.ProtocolExec.execute(ProtocolExec.java:184)
	at org.apache.http.impl.execchain.RetryExec.execute(RetryExec.java:88)
	at org.apache.http.impl.execchain.RedirectExec.execute(RedirectExec.java:110)
	at org.apache.http.impl.client.InternalHttpClient.doExecute(InternalHttpClient.java:184)
	at org.apache.http.impl.client.CloseableHttpClient.execute(CloseableHttpClient.java:71)
	at org.apache.http.impl.client.CloseableHttpClient.execute(CloseableHttpClient.java:55)
	at org.openqa.selenium.remote.internal.ApacheHttpClient.fallBackExecute(ApacheHttpClient.java:144)
	at org.openqa.selenium.remote.internal.ApacheHttpClient.execute(ApacheHttpClient.java:90)
	at org.openqa.selenium.remote.HttpCommandExecutor.execute(HttpCommandExecutor.java:142)
	at org.openqa.selenium.firefox.internal.NewProfileExtensionConnection.execute(NewProfileExtensionConnection.java:160)
	at org.openqa.selenium.firefox.FirefoxDriver$LazyCommandExecutor.execute(FirefoxDriver.java:380)
	at org.openqa.selenium.remote.RemoteWebDriver.execute(RemoteWebDriver.java:644)
	... 27 more
Caused by: java.net.ConnectException: Connection refused: connect
	at java.net.DualStackPlainSocketImpl.waitForConnect(Native Method)
	at java.net.DualStackPlainSocketImpl.socketConnect(Unknown Source)
	at java.net.AbstractPlainSocketImpl.doConnect(Unknown Source)
	at java.net.AbstractPlainSocketImpl.connectToAddress(Unknown Source)
	at java.net.AbstractPlainSocketImpl.connect(Unknown Source)
	at java.net.PlainSocketImpl.connect(Unknown Source)
	at java.net.SocksSocketImpl.connect(Unknown Source)
	at java.net.Socket.connect(Unknown Source)
	at org.apache.http.conn.socket.PlainConnectionSocketFactory.connectSocket(PlainConnectionSocketFactory.java:74)
	at org.apache.http.impl.conn.DefaultHttpClientConnectionOperator.connect(DefaultHttpClientConnectionOperator.java:134)
	... 42 more
... Removed 25 stack frames]]>
    </failure>
  </testcase> <!-- @BeforeMethod LoginSitecore -->
  <testcase name="@AfterMethod LogoutSitecore" time="0.0" classname="fotf_Testcase.AboutusPage_ContentEditor_SixItem">
    <skipped/>
  </testcase> <!-- @AfterMethod LogoutSitecore -->
  <testcase name="@BeforeMethod LoginSitecore" time="0.0" classname="fotf_Testcase.AboutusPage_ContentEditor_SixItem">
    <skipped/>
  </testcase> <!-- @BeforeMethod LoginSitecore -->
  <testcase name="@AfterMethod LogoutSitecore" time="0.0" classname="fotf_Testcase.AboutusPage_ContentEditor_SixItem">
    <skipped/>
  </testcase> <!-- @AfterMethod LogoutSitecore -->
  <testcase name="@BeforeMethod LoginSitecore" time="0.0" classname="fotf_Testcase.AboutusPage_ContentEditor_SixItem">
    <skipped/>
  </testcase> <!-- @BeforeMethod LoginSitecore -->
  <testcase name="@AfterMethod LogoutSitecore" time="0.0" classname="fotf_Testcase.AboutusPage_ContentEditor_SixItem">
    <skipped/>
  </testcase> <!-- @AfterMethod LogoutSitecore -->
  <testcase name="@BeforeMethod LoginSitecore" time="0.0" classname="fotf_Testcase.AboutusPage_ContentEditor_SixItem">
    <skipped/>
  </testcase> <!-- @BeforeMethod LoginSitecore -->
  <testcase name="@AfterMethod LogoutSitecore" time="0.0" classname="fotf_Testcase.AboutusPage_ContentEditor_SixItem">
    <skipped/>
  </testcase> <!-- @AfterMethod LogoutSitecore -->
  <testcase name="@BeforeMethod LoginSitecore" time="0.0" classname="fotf_Testcase.AboutusPage_ContentEditor_Header">
    <failure type="org.openqa.selenium.remote.UnreachableBrowserException" message="Error communicating with the remote browser. It may have died.
Build info: version: &amp;apos;2.53.0&amp;apos;, revision: &amp;apos;35ae25b&amp;apos;, time: &amp;apos;2016-03-15 16:57:40&amp;apos;
System info: host: &amp;apos;Arun-pc&amp;apos;, ip: &amp;apos;192.2.200.122&amp;apos;, os.name: &amp;apos;Windows 7&amp;apos;, os.arch: &amp;apos;amd64&amp;apos;, os.version: &amp;apos;6.1&amp;apos;, java.version: &amp;apos;1.8.0_91&amp;apos;
Driver info: driver.version: RemoteWebDriver
Capabilities [{applicationCacheEnabled=true, rotatable=false, handlesAlerts=true, databaseEnabled=true, version=46.0.1, platform=WINDOWS, nativeEvents=false, acceptSslCerts=true, webStorageEnabled=true, locationContextEnabled=true, browserName=firefox, takesScreenshot=true, javascriptEnabled=true, cssSelectorsEnabled=true}]
Session ID: a92a59a9-3086-4464-baae-962f830c23d1">
      <![CDATA[org.openqa.selenium.remote.UnreachableBrowserException: Error communicating with the remote browser. It may have died.
Build info: version: '2.53.0', revision: '35ae25b', time: '2016-03-15 16:57:40'
System info: host: 'Arun-pc', ip: '192.2.200.122', os.name: 'Windows 7', os.arch: 'amd64', os.version: '6.1', java.version: '1.8.0_91'
Driver info: driver.version: RemoteWebDriver
Capabilities [{applicationCacheEnabled=true, rotatable=false, handlesAlerts=true, databaseEnabled=true, version=46.0.1, platform=WINDOWS, nativeEvents=false, acceptSslCerts=true, webStorageEnabled=true, locationContextEnabled=true, browserName=firefox, takesScreenshot=true, javascriptEnabled=true, cssSelectorsEnabled=true}]
Session ID: a92a59a9-3086-4464-baae-962f830c23d1
	at org.openqa.selenium.remote.RemoteWebDriver.execute(RemoteWebDriver.java:665)
	at org.openqa.selenium.remote.RemoteWebDriver.get(RemoteWebDriver.java:316)
	at fotf_Testcase.AboutusPage_ContentEditor_Header.LoginSitecore(AboutusPage_ContentEditor_Header.java:23)
Caused by: org.apache.http.conn.HttpHostConnectException: Connect to 127.0.0.1:7055 [/127.0.0.1] failed: Connection refused: connect
	at org.apache.http.impl.conn.DefaultHttpClientConnectionOperator.connect(DefaultHttpClientConnectionOperator.java:151)
	at org.apache.http.impl.conn.PoolingHttpClientConnectionManager.connect(PoolingHttpClientConnectionManager.java:353)
	at org.apache.http.impl.execchain.MainClientExec.establishRoute(MainClientExec.java:380)
	at org.apache.http.impl.execchain.MainClientExec.execute(MainClientExec.java:236)
	at org.apache.http.impl.execchain.ProtocolExec.execute(ProtocolExec.java:184)
	at org.apache.http.impl.execchain.RetryExec.execute(RetryExec.java:88)
	at org.apache.http.impl.execchain.RedirectExec.execute(RedirectExec.java:110)
	at org.apache.http.impl.client.InternalHttpClient.doExecute(InternalHttpClient.java:184)
	at org.apache.http.impl.client.CloseableHttpClient.execute(CloseableHttpClient.java:71)
	at org.apache.http.impl.client.CloseableHttpClient.execute(CloseableHttpClient.java:55)
	at org.openqa.selenium.remote.internal.ApacheHttpClient.fallBackExecute(ApacheHttpClient.java:144)
	at org.openqa.selenium.remote.internal.ApacheHttpClient.execute(ApacheHttpClient.java:90)
	at org.openqa.selenium.remote.HttpCommandExecutor.execute(HttpCommandExecutor.java:142)
	at org.openqa.selenium.firefox.internal.NewProfileExtensionConnection.execute(NewProfileExtensionConnection.java:160)
	at org.openqa.selenium.firefox.FirefoxDriver$LazyCommandExecutor.execute(FirefoxDriver.java:380)
	at org.openqa.selenium.remote.RemoteWebDriver.execute(RemoteWebDriver.java:644)
	... 27 more
Caused by: java.net.ConnectException: Connection refused: connect
	at java.net.DualStackPlainSocketImpl.waitForConnect(Native Method)
	at java.net.DualStackPlainSocketImpl.socketConnect(Unknown Source)
	at java.net.AbstractPlainSocketImpl.doConnect(Unknown Source)
	at java.net.AbstractPlainSocketImpl.connectToAddress(Unknown Source)
	at java.net.AbstractPlainSocketImpl.connect(Unknown Source)
	at java.net.PlainSocketImpl.connect(Unknown Source)
	at java.net.SocksSocketImpl.connect(Unknown Source)
	at java.net.Socket.connect(Unknown Source)
	at org.apache.http.conn.socket.PlainConnectionSocketFactory.connectSocket(PlainConnectionSocketFactory.java:74)
	at org.apache.http.impl.conn.DefaultHttpClientConnectionOperator.connect(DefaultHttpClientConnectionOperator.java:134)
	... 42 more
... Removed 25 stack frames]]>
    </failure>
  </testcase> <!-- @BeforeMethod LoginSitecore -->
  <testcase name="@AfterMethod LogoutSitecore" time="0.0" classname="fotf_Testcase.AboutusPage_ContentEditor_Header">
    <skipped/>
  </testcase> <!-- @AfterMethod LogoutSitecore -->
  <testcase name="@BeforeMethod LoginSitecore" time="0.0" classname="fotf_Testcase.AboutusPage_ContentEditor_Header">
    <skipped/>
  </testcase> <!-- @BeforeMethod LoginSitecore -->
  <testcase name="@AfterMethod LogoutSitecore" time="0.0" classname="fotf_Testcase.AboutusPage_ContentEditor_Header">
    <skipped/>
  </testcase> <!-- @AfterMethod LogoutSitecore -->
  <testcase name="@BeforeMethod LoginSitecore" time="0.0" classname="fotf_Testcase.AboutusPage_ContentEditor_Header">
    <skipped/>
  </testcase> <!-- @BeforeMethod LoginSitecore -->
  <testcase name="@AfterMethod LogoutSitecore" time="0.0" classname="fotf_Testcase.AboutusPage_ContentEditor_Header">
    <skipped/>
  </testcase> <!-- @AfterMethod LogoutSitecore -->
  <testcase name="@BeforeMethod LoginSitecore" time="0.0" classname="fotf_Testcase.AboutusPage_ContentEditor_Header">
    <skipped/>
  </testcase> <!-- @BeforeMethod LoginSitecore -->
  <testcase name="@AfterMethod LogoutSitecore" time="0.0" classname="fotf_Testcase.AboutusPage_ContentEditor_Header">
    <skipped/>
  </testcase> <!-- @AfterMethod LogoutSitecore -->
  <testcase name="@BeforeMethod LoginSitecore" time="0.0" classname="fotf_Testcase.AboutusPage_ContentEditor_Header">
    <skipped/>
  </testcase> <!-- @BeforeMethod LoginSitecore -->
  <testcase name="@AfterMethod LogoutSitecore" time="0.0" classname="fotf_Testcase.AboutusPage_ContentEditor_Header">
    <skipped/>
  </testcase> <!-- @AfterMethod LogoutSitecore -->
  <testcase name="@BeforeMethod LoginSitecore" time="0.0" classname="fotf_Testcase.AboutusPage_ContentEditor_Article">
    <failure type="org.openqa.selenium.remote.UnreachableBrowserException" message="Error communicating with the remote browser. It may have died.
Build info: version: &amp;apos;2.53.0&amp;apos;, revision: &amp;apos;35ae25b&amp;apos;, time: &amp;apos;2016-03-15 16:57:40&amp;apos;
System info: host: &amp;apos;Arun-pc&amp;apos;, ip: &amp;apos;192.2.200.122&amp;apos;, os.name: &amp;apos;Windows 7&amp;apos;, os.arch: &amp;apos;amd64&amp;apos;, os.version: &amp;apos;6.1&amp;apos;, java.version: &amp;apos;1.8.0_91&amp;apos;
Driver info: driver.version: RemoteWebDriver
Capabilities [{applicationCacheEnabled=true, rotatable=false, handlesAlerts=true, databaseEnabled=true, version=46.0.1, platform=WINDOWS, nativeEvents=false, acceptSslCerts=true, webStorageEnabled=true, locationContextEnabled=true, browserName=firefox, takesScreenshot=true, javascriptEnabled=true, cssSelectorsEnabled=true}]
Session ID: a92a59a9-3086-4464-baae-962f830c23d1">
      <![CDATA[org.openqa.selenium.remote.UnreachableBrowserException: Error communicating with the remote browser. It may have died.
Build info: version: '2.53.0', revision: '35ae25b', time: '2016-03-15 16:57:40'
System info: host: 'Arun-pc', ip: '192.2.200.122', os.name: 'Windows 7', os.arch: 'amd64', os.version: '6.1', java.version: '1.8.0_91'
Driver info: driver.version: RemoteWebDriver
Capabilities [{applicationCacheEnabled=true, rotatable=false, handlesAlerts=true, databaseEnabled=true, version=46.0.1, platform=WINDOWS, nativeEvents=false, acceptSslCerts=true, webStorageEnabled=true, locationContextEnabled=true, browserName=firefox, takesScreenshot=true, javascriptEnabled=true, cssSelectorsEnabled=true}]
Session ID: a92a59a9-3086-4464-baae-962f830c23d1
	at org.openqa.selenium.remote.RemoteWebDriver.execute(RemoteWebDriver.java:665)
	at org.openqa.selenium.remote.RemoteWebDriver.get(RemoteWebDriver.java:316)
	at fotf_Testcase.AboutusPage_ContentEditor_Article.LoginSitecore(AboutusPage_ContentEditor_Article.java:25)
Caused by: org.apache.http.conn.HttpHostConnectException: Connect to 127.0.0.1:7055 [/127.0.0.1] failed: Connection refused: connect
	at org.apache.http.impl.conn.DefaultHttpClientConnectionOperator.connect(DefaultHttpClientConnectionOperator.java:151)
	at org.apache.http.impl.conn.PoolingHttpClientConnectionManager.connect(PoolingHttpClientConnectionManager.java:353)
	at org.apache.http.impl.execchain.MainClientExec.establishRoute(MainClientExec.java:380)
	at org.apache.http.impl.execchain.MainClientExec.execute(MainClientExec.java:236)
	at org.apache.http.impl.execchain.ProtocolExec.execute(ProtocolExec.java:184)
	at org.apache.http.impl.execchain.RetryExec.execute(RetryExec.java:88)
	at org.apache.http.impl.execchain.RedirectExec.execute(RedirectExec.java:110)
	at org.apache.http.impl.client.InternalHttpClient.doExecute(InternalHttpClient.java:184)
	at org.apache.http.impl.client.CloseableHttpClient.execute(CloseableHttpClient.java:71)
	at org.apache.http.impl.client.CloseableHttpClient.execute(CloseableHttpClient.java:55)
	at org.openqa.selenium.remote.internal.ApacheHttpClient.fallBackExecute(ApacheHttpClient.java:144)
	at org.openqa.selenium.remote.internal.ApacheHttpClient.execute(ApacheHttpClient.java:90)
	at org.openqa.selenium.remote.HttpCommandExecutor.execute(HttpCommandExecutor.java:142)
	at org.openqa.selenium.firefox.internal.NewProfileExtensionConnection.execute(NewProfileExtensionConnection.java:160)
	at org.openqa.selenium.firefox.FirefoxDriver$LazyCommandExecutor.execute(FirefoxDriver.java:380)
	at org.openqa.selenium.remote.RemoteWebDriver.execute(RemoteWebDriver.java:644)
	... 27 more
Caused by: java.net.ConnectException: Connection refused: connect
	at java.net.DualStackPlainSocketImpl.waitForConnect(Native Method)
	at java.net.DualStackPlainSocketImpl.socketConnect(Unknown Source)
	at java.net.AbstractPlainSocketImpl.doConnect(Unknown Source)
	at java.net.AbstractPlainSocketImpl.connectToAddress(Unknown Source)
	at java.net.AbstractPlainSocketImpl.connect(Unknown Source)
	at java.net.PlainSocketImpl.connect(Unknown Source)
	at java.net.SocksSocketImpl.connect(Unknown Source)
	at java.net.Socket.connect(Unknown Source)
	at org.apache.http.conn.socket.PlainConnectionSocketFactory.connectSocket(PlainConnectionSocketFactory.java:74)
	at org.apache.http.impl.conn.DefaultHttpClientConnectionOperator.connect(DefaultHttpClientConnectionOperator.java:134)
	... 42 more
... Removed 25 stack frames]]>
    </failure>
  </testcase> <!-- @BeforeMethod LoginSitecore -->
  <testcase name="@AfterMethod LogoutSitecore" time="0.0" classname="fotf_Testcase.AboutusPage_ContentEditor_Article">
    <skipped/>
  </testcase> <!-- @AfterMethod LogoutSitecore -->
  <testcase name="@BeforeMethod LoginSitecore" time="0.0" classname="fotf_Testcase.AboutusPage_ContentEditor_Article">
    <skipped/>
  </testcase> <!-- @BeforeMethod LoginSitecore -->
  <testcase name="@AfterMethod LogoutSitecore" time="0.0" classname="fotf_Testcase.AboutusPage_ContentEditor_Article">
    <skipped/>
  </testcase> <!-- @AfterMethod LogoutSitecore -->
  <testcase name="@BeforeMethod LoginSitecore" time="0.0" classname="fotf_Testcase.AboutusPage_ContentEditor_Article">
    <skipped/>
  </testcase> <!-- @BeforeMethod LoginSitecore -->
  <testcase name="@AfterMethod LogoutSitecore" time="0.0" classname="fotf_Testcase.AboutusPage_ContentEditor_Article">
    <skipped/>
  </testcase> <!-- @AfterMethod LogoutSitecore -->
  <testcase name="@BeforeMethod LoginSitecore" time="0.0" classname="fotf_Testcase.AboutusPage_ContentEditor_Showhide">
    <failure type="org.openqa.selenium.remote.UnreachableBrowserException" message="Error communicating with the remote browser. It may have died.
Build info: version: &amp;apos;2.53.0&amp;apos;, revision: &amp;apos;35ae25b&amp;apos;, time: &amp;apos;2016-03-15 16:57:40&amp;apos;
System info: host: &amp;apos;Arun-pc&amp;apos;, ip: &amp;apos;192.2.200.122&amp;apos;, os.name: &amp;apos;Windows 7&amp;apos;, os.arch: &amp;apos;amd64&amp;apos;, os.version: &amp;apos;6.1&amp;apos;, java.version: &amp;apos;1.8.0_91&amp;apos;
Driver info: driver.version: RemoteWebDriver
Capabilities [{applicationCacheEnabled=true, rotatable=false, handlesAlerts=true, databaseEnabled=true, version=46.0.1, platform=WINDOWS, nativeEvents=false, acceptSslCerts=true, webStorageEnabled=true, locationContextEnabled=true, browserName=firefox, takesScreenshot=true, javascriptEnabled=true, cssSelectorsEnabled=true}]
Session ID: a92a59a9-3086-4464-baae-962f830c23d1">
      <![CDATA[org.openqa.selenium.remote.UnreachableBrowserException: Error communicating with the remote browser. It may have died.
Build info: version: '2.53.0', revision: '35ae25b', time: '2016-03-15 16:57:40'
System info: host: 'Arun-pc', ip: '192.2.200.122', os.name: 'Windows 7', os.arch: 'amd64', os.version: '6.1', java.version: '1.8.0_91'
Driver info: driver.version: RemoteWebDriver
Capabilities [{applicationCacheEnabled=true, rotatable=false, handlesAlerts=true, databaseEnabled=true, version=46.0.1, platform=WINDOWS, nativeEvents=false, acceptSslCerts=true, webStorageEnabled=true, locationContextEnabled=true, browserName=firefox, takesScreenshot=true, javascriptEnabled=true, cssSelectorsEnabled=true}]
Session ID: a92a59a9-3086-4464-baae-962f830c23d1
	at org.openqa.selenium.remote.RemoteWebDriver.execute(RemoteWebDriver.java:665)
	at org.openqa.selenium.remote.RemoteWebDriver.get(RemoteWebDriver.java:316)
	at fotf_Testcase.AboutusPage_ContentEditor_Showhide.LoginSitecore(AboutusPage_ContentEditor_Showhide.java:23)
Caused by: org.apache.http.conn.HttpHostConnectException: Connect to 127.0.0.1:7055 [/127.0.0.1] failed: Connection refused: connect
	at org.apache.http.impl.conn.DefaultHttpClientConnectionOperator.connect(DefaultHttpClientConnectionOperator.java:151)
	at org.apache.http.impl.conn.PoolingHttpClientConnectionManager.connect(PoolingHttpClientConnectionManager.java:353)
	at org.apache.http.impl.execchain.MainClientExec.establishRoute(MainClientExec.java:380)
	at org.apache.http.impl.execchain.MainClientExec.execute(MainClientExec.java:236)
	at org.apache.http.impl.execchain.ProtocolExec.execute(ProtocolExec.java:184)
	at org.apache.http.impl.execchain.RetryExec.execute(RetryExec.java:88)
	at org.apache.http.impl.execchain.RedirectExec.execute(RedirectExec.java:110)
	at org.apache.http.impl.client.InternalHttpClient.doExecute(InternalHttpClient.java:184)
	at org.apache.http.impl.client.CloseableHttpClient.execute(CloseableHttpClient.java:71)
	at org.apache.http.impl.client.CloseableHttpClient.execute(CloseableHttpClient.java:55)
	at org.openqa.selenium.remote.internal.ApacheHttpClient.fallBackExecute(ApacheHttpClient.java:144)
	at org.openqa.selenium.remote.internal.ApacheHttpClient.execute(ApacheHttpClient.java:90)
	at org.openqa.selenium.remote.HttpCommandExecutor.execute(HttpCommandExecutor.java:142)
	at org.openqa.selenium.firefox.internal.NewProfileExtensionConnection.execute(NewProfileExtensionConnection.java:160)
	at org.openqa.selenium.firefox.FirefoxDriver$LazyCommandExecutor.execute(FirefoxDriver.java:380)
	at org.openqa.selenium.remote.RemoteWebDriver.execute(RemoteWebDriver.java:644)
	... 27 more
Caused by: java.net.ConnectException: Connection refused: connect
	at java.net.DualStackPlainSocketImpl.waitForConnect(Native Method)
	at java.net.DualStackPlainSocketImpl.socketConnect(Unknown Source)
	at java.net.AbstractPlainSocketImpl.doConnect(Unknown Source)
	at java.net.AbstractPlainSocketImpl.connectToAddress(Unknown Source)
	at java.net.AbstractPlainSocketImpl.connect(Unknown Source)
	at java.net.PlainSocketImpl.connect(Unknown Source)
	at java.net.SocksSocketImpl.connect(Unknown Source)
	at java.net.Socket.connect(Unknown Source)
	at org.apache.http.conn.socket.PlainConnectionSocketFactory.connectSocket(PlainConnectionSocketFactory.java:74)
	at org.apache.http.impl.conn.DefaultHttpClientConnectionOperator.connect(DefaultHttpClientConnectionOperator.java:134)
	... 42 more
... Removed 25 stack frames]]>
    </failure>
  </testcase> <!-- @BeforeMethod LoginSitecore -->
  <testcase name="@AfterMethod LogoutSitecore" time="0.0" classname="fotf_Testcase.AboutusPage_ContentEditor_Showhide">
    <skipped/>
  </testcase> <!-- @AfterMethod LogoutSitecore -->
  <testcase name="@BeforeMethod LoginSitecore" time="0.0" classname="fotf_Testcase.AboutusPage_ContentEditor_Showhide">
    <skipped/>
  </testcase> <!-- @BeforeMethod LoginSitecore -->
  <testcase name="@AfterMethod LogoutSitecore" time="0.0" classname="fotf_Testcase.AboutusPage_ContentEditor_Showhide">
    <skipped/>
  </testcase> <!-- @AfterMethod LogoutSitecore -->
  <testcase name="@BeforeMethod LoginSitecore" time="0.0" classname="fotf_Testcase.AboutusPage_ContentEditor_Showhide">
    <skipped/>
  </testcase> <!-- @BeforeMethod LoginSitecore -->
  <testcase name="@AfterMethod LogoutSitecore" time="0.0" classname="fotf_Testcase.AboutusPage_ContentEditor_Showhide">
    <skipped/>
  </testcase> <!-- @AfterMethod LogoutSitecore -->
  <testcase name="@BeforeMethod LoginSitecore" time="0.0" classname="fotf_Testcase.AboutusPage_ContentEditor_Timeline">
    <failure type="org.openqa.selenium.remote.UnreachableBrowserException" message="Error communicating with the remote browser. It may have died.
Build info: version: &amp;apos;2.53.0&amp;apos;, revision: &amp;apos;35ae25b&amp;apos;, time: &amp;apos;2016-03-15 16:57:40&amp;apos;
System info: host: &amp;apos;Arun-pc&amp;apos;, ip: &amp;apos;192.2.200.122&amp;apos;, os.name: &amp;apos;Windows 7&amp;apos;, os.arch: &amp;apos;amd64&amp;apos;, os.version: &amp;apos;6.1&amp;apos;, java.version: &amp;apos;1.8.0_91&amp;apos;
Driver info: driver.version: RemoteWebDriver
Capabilities [{applicationCacheEnabled=true, rotatable=false, handlesAlerts=true, databaseEnabled=true, version=46.0.1, platform=WINDOWS, nativeEvents=false, acceptSslCerts=true, webStorageEnabled=true, locationContextEnabled=true, browserName=firefox, takesScreenshot=true, javascriptEnabled=true, cssSelectorsEnabled=true}]
Session ID: a92a59a9-3086-4464-baae-962f830c23d1">
      <![CDATA[org.openqa.selenium.remote.UnreachableBrowserException: Error communicating with the remote browser. It may have died.
Build info: version: '2.53.0', revision: '35ae25b', time: '2016-03-15 16:57:40'
System info: host: 'Arun-pc', ip: '192.2.200.122', os.name: 'Windows 7', os.arch: 'amd64', os.version: '6.1', java.version: '1.8.0_91'
Driver info: driver.version: RemoteWebDriver
Capabilities [{applicationCacheEnabled=true, rotatable=false, handlesAlerts=true, databaseEnabled=true, version=46.0.1, platform=WINDOWS, nativeEvents=false, acceptSslCerts=true, webStorageEnabled=true, locationContextEnabled=true, browserName=firefox, takesScreenshot=true, javascriptEnabled=true, cssSelectorsEnabled=true}]
Session ID: a92a59a9-3086-4464-baae-962f830c23d1
	at org.openqa.selenium.remote.RemoteWebDriver.execute(RemoteWebDriver.java:665)
	at org.openqa.selenium.remote.RemoteWebDriver.get(RemoteWebDriver.java:316)
	at fotf_Testcase.AboutusPage_ContentEditor_Timeline.LoginSitecore(AboutusPage_ContentEditor_Timeline.java:23)
Caused by: org.apache.http.conn.HttpHostConnectException: Connect to 127.0.0.1:7055 [/127.0.0.1] failed: Connection refused: connect
	at org.apache.http.impl.conn.DefaultHttpClientConnectionOperator.connect(DefaultHttpClientConnectionOperator.java:151)
	at org.apache.http.impl.conn.PoolingHttpClientConnectionManager.connect(PoolingHttpClientConnectionManager.java:353)
	at org.apache.http.impl.execchain.MainClientExec.establishRoute(MainClientExec.java:380)
	at org.apache.http.impl.execchain.MainClientExec.execute(MainClientExec.java:236)
	at org.apache.http.impl.execchain.ProtocolExec.execute(ProtocolExec.java:184)
	at org.apache.http.impl.execchain.RetryExec.execute(RetryExec.java:88)
	at org.apache.http.impl.execchain.RedirectExec.execute(RedirectExec.java:110)
	at org.apache.http.impl.client.InternalHttpClient.doExecute(InternalHttpClient.java:184)
	at org.apache.http.impl.client.CloseableHttpClient.execute(CloseableHttpClient.java:71)
	at org.apache.http.impl.client.CloseableHttpClient.execute(CloseableHttpClient.java:55)
	at org.openqa.selenium.remote.internal.ApacheHttpClient.fallBackExecute(ApacheHttpClient.java:144)
	at org.openqa.selenium.remote.internal.ApacheHttpClient.execute(ApacheHttpClient.java:90)
	at org.openqa.selenium.remote.HttpCommandExecutor.execute(HttpCommandExecutor.java:142)
	at org.openqa.selenium.firefox.internal.NewProfileExtensionConnection.execute(NewProfileExtensionConnection.java:160)
	at org.openqa.selenium.firefox.FirefoxDriver$LazyCommandExecutor.execute(FirefoxDriver.java:380)
	at org.openqa.selenium.remote.RemoteWebDriver.execute(RemoteWebDriver.java:644)
	... 27 more
Caused by: java.net.ConnectException: Connection refused: connect
	at java.net.DualStackPlainSocketImpl.waitForConnect(Native Method)
	at java.net.DualStackPlainSocketImpl.socketConnect(Unknown Source)
	at java.net.AbstractPlainSocketImpl.doConnect(Unknown Source)
	at java.net.AbstractPlainSocketImpl.connectToAddress(Unknown Source)
	at java.net.AbstractPlainSocketImpl.connect(Unknown Source)
	at java.net.PlainSocketImpl.connect(Unknown Source)
	at java.net.SocksSocketImpl.connect(Unknown Source)
	at java.net.Socket.connect(Unknown Source)
	at org.apache.http.conn.socket.PlainConnectionSocketFactory.connectSocket(PlainConnectionSocketFactory.java:74)
	at org.apache.http.impl.conn.DefaultHttpClientConnectionOperator.connect(DefaultHttpClientConnectionOperator.java:134)
	... 42 more
... Removed 25 stack frames]]>
    </failure>
  </testcase> <!-- @BeforeMethod LoginSitecore -->
  <testcase name="@AfterMethod LogoutSitecore" time="0.0" classname="fotf_Testcase.AboutusPage_ContentEditor_Timeline">
    <skipped/>
  </testcase> <!-- @AfterMethod LogoutSitecore -->
  <testcase name="@BeforeMethod LoginSitecore" time="0.0" classname="fotf_Testcase.AboutusPage_ContentEditor_PageComponentHeader">
    <failure type="org.openqa.selenium.remote.UnreachableBrowserException" message="Error communicating with the remote browser. It may have died.
Build info: version: &amp;apos;2.53.0&amp;apos;, revision: &amp;apos;35ae25b&amp;apos;, time: &amp;apos;2016-03-15 16:57:40&amp;apos;
System info: host: &amp;apos;Arun-pc&amp;apos;, ip: &amp;apos;192.2.200.122&amp;apos;, os.name: &amp;apos;Windows 7&amp;apos;, os.arch: &amp;apos;amd64&amp;apos;, os.version: &amp;apos;6.1&amp;apos;, java.version: &amp;apos;1.8.0_91&amp;apos;
Driver info: driver.version: RemoteWebDriver
Capabilities [{applicationCacheEnabled=true, rotatable=false, handlesAlerts=true, databaseEnabled=true, version=46.0.1, platform=WINDOWS, nativeEvents=false, acceptSslCerts=true, webStorageEnabled=true, locationContextEnabled=true, browserName=firefox, takesScreenshot=true, javascriptEnabled=true, cssSelectorsEnabled=true}]
Session ID: a92a59a9-3086-4464-baae-962f830c23d1">
      <![CDATA[org.openqa.selenium.remote.UnreachableBrowserException: Error communicating with the remote browser. It may have died.
Build info: version: '2.53.0', revision: '35ae25b', time: '2016-03-15 16:57:40'
System info: host: 'Arun-pc', ip: '192.2.200.122', os.name: 'Windows 7', os.arch: 'amd64', os.version: '6.1', java.version: '1.8.0_91'
Driver info: driver.version: RemoteWebDriver
Capabilities [{applicationCacheEnabled=true, rotatable=false, handlesAlerts=true, databaseEnabled=true, version=46.0.1, platform=WINDOWS, nativeEvents=false, acceptSslCerts=true, webStorageEnabled=true, locationContextEnabled=true, browserName=firefox, takesScreenshot=true, javascriptEnabled=true, cssSelectorsEnabled=true}]
Session ID: a92a59a9-3086-4464-baae-962f830c23d1
	at org.openqa.selenium.remote.RemoteWebDriver.execute(RemoteWebDriver.java:665)
	at org.openqa.selenium.remote.RemoteWebDriver.get(RemoteWebDriver.java:316)
	at fotf_Testcase.AboutusPage_ContentEditor_PageComponentHeader.LoginSitecore(AboutusPage_ContentEditor_PageComponentHeader.java:25)
Caused by: org.apache.http.conn.HttpHostConnectException: Connect to 127.0.0.1:7055 [/127.0.0.1] failed: Connection refused: connect
	at org.apache.http.impl.conn.DefaultHttpClientConnectionOperator.connect(DefaultHttpClientConnectionOperator.java:151)
	at org.apache.http.impl.conn.PoolingHttpClientConnectionManager.connect(PoolingHttpClientConnectionManager.java:353)
	at org.apache.http.impl.execchain.MainClientExec.establishRoute(MainClientExec.java:380)
	at org.apache.http.impl.execchain.MainClientExec.execute(MainClientExec.java:236)
	at org.apache.http.impl.execchain.ProtocolExec.execute(ProtocolExec.java:184)
	at org.apache.http.impl.execchain.RetryExec.execute(RetryExec.java:88)
	at org.apache.http.impl.execchain.RedirectExec.execute(RedirectExec.java:110)
	at org.apache.http.impl.client.InternalHttpClient.doExecute(InternalHttpClient.java:184)
	at org.apache.http.impl.client.CloseableHttpClient.execute(CloseableHttpClient.java:71)
	at org.apache.http.impl.client.CloseableHttpClient.execute(CloseableHttpClient.java:55)
	at org.openqa.selenium.remote.internal.ApacheHttpClient.fallBackExecute(ApacheHttpClient.java:144)
	at org.openqa.selenium.remote.internal.ApacheHttpClient.execute(ApacheHttpClient.java:90)
	at org.openqa.selenium.remote.HttpCommandExecutor.execute(HttpCommandExecutor.java:142)
	at org.openqa.selenium.firefox.internal.NewProfileExtensionConnection.execute(NewProfileExtensionConnection.java:160)
	at org.openqa.selenium.firefox.FirefoxDriver$LazyCommandExecutor.execute(FirefoxDriver.java:380)
	at org.openqa.selenium.remote.RemoteWebDriver.execute(RemoteWebDriver.java:644)
	... 27 more
Caused by: java.net.ConnectException: Connection refused: connect
	at java.net.DualStackPlainSocketImpl.waitForConnect(Native Method)
	at java.net.DualStackPlainSocketImpl.socketConnect(Unknown Source)
	at java.net.AbstractPlainSocketImpl.doConnect(Unknown Source)
	at java.net.AbstractPlainSocketImpl.connectToAddress(Unknown Source)
	at java.net.AbstractPlainSocketImpl.connect(Unknown Source)
	at java.net.PlainSocketImpl.connect(Unknown Source)
	at java.net.SocksSocketImpl.connect(Unknown Source)
	at java.net.Socket.connect(Unknown Source)
	at org.apache.http.conn.socket.PlainConnectionSocketFactory.connectSocket(PlainConnectionSocketFactory.java:74)
	at org.apache.http.impl.conn.DefaultHttpClientConnectionOperator.connect(DefaultHttpClientConnectionOperator.java:134)
	... 42 more
... Removed 25 stack frames]]>
    </failure>
  </testcase> <!-- @BeforeMethod LoginSitecore -->
  <testcase name="@AfterMethod LogoutSitecore" time="0.0" classname="fotf_Testcase.AboutusPage_ContentEditor_PageComponentHeader">
    <skipped/>
  </testcase> <!-- @AfterMethod LogoutSitecore -->
  <testcase name="@BeforeMethod LoginSitecore" time="0.0" classname="fotf_Testcase.AboutusPage_ContentEditor_CustomInitiative">
    <failure type="org.openqa.selenium.remote.UnreachableBrowserException" message="Error communicating with the remote browser. It may have died.
Build info: version: &amp;apos;2.53.0&amp;apos;, revision: &amp;apos;35ae25b&amp;apos;, time: &amp;apos;2016-03-15 16:57:40&amp;apos;
System info: host: &amp;apos;Arun-pc&amp;apos;, ip: &amp;apos;192.2.200.122&amp;apos;, os.name: &amp;apos;Windows 7&amp;apos;, os.arch: &amp;apos;amd64&amp;apos;, os.version: &amp;apos;6.1&amp;apos;, java.version: &amp;apos;1.8.0_91&amp;apos;
Driver info: driver.version: RemoteWebDriver
Capabilities [{applicationCacheEnabled=true, rotatable=false, handlesAlerts=true, databaseEnabled=true, version=46.0.1, platform=WINDOWS, nativeEvents=false, acceptSslCerts=true, webStorageEnabled=true, locationContextEnabled=true, browserName=firefox, takesScreenshot=true, javascriptEnabled=true, cssSelectorsEnabled=true}]
Session ID: a92a59a9-3086-4464-baae-962f830c23d1">
      <![CDATA[org.openqa.selenium.remote.UnreachableBrowserException: Error communicating with the remote browser. It may have died.
Build info: version: '2.53.0', revision: '35ae25b', time: '2016-03-15 16:57:40'
System info: host: 'Arun-pc', ip: '192.2.200.122', os.name: 'Windows 7', os.arch: 'amd64', os.version: '6.1', java.version: '1.8.0_91'
Driver info: driver.version: RemoteWebDriver
Capabilities [{applicationCacheEnabled=true, rotatable=false, handlesAlerts=true, databaseEnabled=true, version=46.0.1, platform=WINDOWS, nativeEvents=false, acceptSslCerts=true, webStorageEnabled=true, locationContextEnabled=true, browserName=firefox, takesScreenshot=true, javascriptEnabled=true, cssSelectorsEnabled=true}]
Session ID: a92a59a9-3086-4464-baae-962f830c23d1
	at org.openqa.selenium.remote.RemoteWebDriver.execute(RemoteWebDriver.java:665)
	at org.openqa.selenium.remote.RemoteWebDriver.get(RemoteWebDriver.java:316)
	at fotf_Testcase.AboutusPage_ContentEditor_CustomInitiative.LoginSitecore(AboutusPage_ContentEditor_CustomInitiative.java:27)
Caused by: org.apache.http.conn.HttpHostConnectException: Connect to 127.0.0.1:7055 [/127.0.0.1] failed: Connection refused: connect
	at org.apache.http.impl.conn.DefaultHttpClientConnectionOperator.connect(DefaultHttpClientConnectionOperator.java:151)
	at org.apache.http.impl.conn.PoolingHttpClientConnectionManager.connect(PoolingHttpClientConnectionManager.java:353)
	at org.apache.http.impl.execchain.MainClientExec.establishRoute(MainClientExec.java:380)
	at org.apache.http.impl.execchain.MainClientExec.execute(MainClientExec.java:236)
	at org.apache.http.impl.execchain.ProtocolExec.execute(ProtocolExec.java:184)
	at org.apache.http.impl.execchain.RetryExec.execute(RetryExec.java:88)
	at org.apache.http.impl.execchain.RedirectExec.execute(RedirectExec.java:110)
	at org.apache.http.impl.client.InternalHttpClient.doExecute(InternalHttpClient.java:184)
	at org.apache.http.impl.client.CloseableHttpClient.execute(CloseableHttpClient.java:71)
	at org.apache.http.impl.client.CloseableHttpClient.execute(CloseableHttpClient.java:55)
	at org.openqa.selenium.remote.internal.ApacheHttpClient.fallBackExecute(ApacheHttpClient.java:144)
	at org.openqa.selenium.remote.internal.ApacheHttpClient.execute(ApacheHttpClient.java:90)
	at org.openqa.selenium.remote.HttpCommandExecutor.execute(HttpCommandExecutor.java:142)
	at org.openqa.selenium.firefox.internal.NewProfileExtensionConnection.execute(NewProfileExtensionConnection.java:160)
	at org.openqa.selenium.firefox.FirefoxDriver$LazyCommandExecutor.execute(FirefoxDriver.java:380)
	at org.openqa.selenium.remote.RemoteWebDriver.execute(RemoteWebDriver.java:644)
	... 27 more
Caused by: java.net.ConnectException: Connection refused: connect
	at java.net.DualStackPlainSocketImpl.waitForConnect(Native Method)
	at java.net.DualStackPlainSocketImpl.socketConnect(Unknown Source)
	at java.net.AbstractPlainSocketImpl.doConnect(Unknown Source)
	at java.net.AbstractPlainSocketImpl.connectToAddress(Unknown Source)
	at java.net.AbstractPlainSocketImpl.connect(Unknown Source)
	at java.net.PlainSocketImpl.connect(Unknown Source)
	at java.net.SocksSocketImpl.connect(Unknown Source)
	at java.net.Socket.connect(Unknown Source)
	at org.apache.http.conn.socket.PlainConnectionSocketFactory.connectSocket(PlainConnectionSocketFactory.java:74)
	at org.apache.http.impl.conn.DefaultHttpClientConnectionOperator.connect(DefaultHttpClientConnectionOperator.java:134)
	... 42 more
... Removed 25 stack frames]]>
    </failure>
  </testcase> <!-- @BeforeMethod LoginSitecore -->
  <testcase name="@AfterMethod LogoutSitecore" time="0.0" classname="fotf_Testcase.AboutusPage_ContentEditor_CustomInitiative">
    <skipped/>
  </testcase> <!-- @AfterMethod LogoutSitecore -->
  <testcase name="@BeforeMethod LoginSitecore" time="0.0" classname="fotf_Testcase.AboutusPage_ContentEditor_CustomInitiative">
    <skipped/>
  </testcase> <!-- @BeforeMethod LoginSitecore -->
  <testcase name="@AfterMethod LogoutSitecore" time="0.0" classname="fotf_Testcase.AboutusPage_ContentEditor_CustomInitiative">
    <skipped/>
  </testcase> <!-- @AfterMethod LogoutSitecore -->
  <testcase name="@BeforeMethod LoginSitecore" time="0.0" classname="fotf_Testcase.AboutusPage_ContentEditor_CustomInitiative">
    <skipped/>
  </testcase> <!-- @BeforeMethod LoginSitecore -->
  <testcase name="@AfterMethod LogoutSitecore" time="0.0" classname="fotf_Testcase.AboutusPage_ContentEditor_CustomInitiative">
    <skipped/>
  </testcase> <!-- @AfterMethod LogoutSitecore -->
  <testcase name="@BeforeMethod LoginSitecore" time="0.0" classname="fotf_Testcase.AboutusPage_ContentEditor_CustomInitiative">
    <skipped/>
  </testcase> <!-- @BeforeMethod LoginSitecore -->
  <testcase name="@AfterMethod LogoutSitecore" time="0.0" classname="fotf_Testcase.AboutusPage_ContentEditor_CustomInitiative">
    <skipped/>
  </testcase> <!-- @AfterMethod LogoutSitecore -->
  <testcase name="@BeforeMethod LoginSitecore" time="0.0" classname="fotf_Testcase.AboutusPage_PageEditor_OneItem">
    <failure type="org.openqa.selenium.remote.UnreachableBrowserException" message="Error communicating with the remote browser. It may have died.
Build info: version: &amp;apos;2.53.0&amp;apos;, revision: &amp;apos;35ae25b&amp;apos;, time: &amp;apos;2016-03-15 16:57:40&amp;apos;
System info: host: &amp;apos;Arun-pc&amp;apos;, ip: &amp;apos;192.2.200.122&amp;apos;, os.name: &amp;apos;Windows 7&amp;apos;, os.arch: &amp;apos;amd64&amp;apos;, os.version: &amp;apos;6.1&amp;apos;, java.version: &amp;apos;1.8.0_91&amp;apos;
Driver info: driver.version: RemoteWebDriver
Capabilities [{applicationCacheEnabled=true, rotatable=false, handlesAlerts=true, databaseEnabled=true, version=46.0.1, platform=WINDOWS, nativeEvents=false, acceptSslCerts=true, webStorageEnabled=true, locationContextEnabled=true, browserName=firefox, takesScreenshot=true, javascriptEnabled=true, cssSelectorsEnabled=true}]
Session ID: a92a59a9-3086-4464-baae-962f830c23d1">
      <![CDATA[org.openqa.selenium.remote.UnreachableBrowserException: Error communicating with the remote browser. It may have died.
Build info: version: '2.53.0', revision: '35ae25b', time: '2016-03-15 16:57:40'
System info: host: 'Arun-pc', ip: '192.2.200.122', os.name: 'Windows 7', os.arch: 'amd64', os.version: '6.1', java.version: '1.8.0_91'
Driver info: driver.version: RemoteWebDriver
Capabilities [{applicationCacheEnabled=true, rotatable=false, handlesAlerts=true, databaseEnabled=true, version=46.0.1, platform=WINDOWS, nativeEvents=false, acceptSslCerts=true, webStorageEnabled=true, locationContextEnabled=true, browserName=firefox, takesScreenshot=true, javascriptEnabled=true, cssSelectorsEnabled=true}]
Session ID: a92a59a9-3086-4464-baae-962f830c23d1
	at org.openqa.selenium.remote.RemoteWebDriver.execute(RemoteWebDriver.java:665)
	at org.openqa.selenium.remote.RemoteWebDriver.get(RemoteWebDriver.java:316)
	at fotf_Testcase.AboutusPage_PageEditor_OneItem.LoginSitecore(AboutusPage_PageEditor_OneItem.java:21)
Caused by: org.apache.http.conn.HttpHostConnectException: Connect to 127.0.0.1:7055 [/127.0.0.1] failed: Connection refused: connect
	at org.apache.http.impl.conn.DefaultHttpClientConnectionOperator.connect(DefaultHttpClientConnectionOperator.java:151)
	at org.apache.http.impl.conn.PoolingHttpClientConnectionManager.connect(PoolingHttpClientConnectionManager.java:353)
	at org.apache.http.impl.execchain.MainClientExec.establishRoute(MainClientExec.java:380)
	at org.apache.http.impl.execchain.MainClientExec.execute(MainClientExec.java:236)
	at org.apache.http.impl.execchain.ProtocolExec.execute(ProtocolExec.java:184)
	at org.apache.http.impl.execchain.RetryExec.execute(RetryExec.java:88)
	at org.apache.http.impl.execchain.RedirectExec.execute(RedirectExec.java:110)
	at org.apache.http.impl.client.InternalHttpClient.doExecute(InternalHttpClient.java:184)
	at org.apache.http.impl.client.CloseableHttpClient.execute(CloseableHttpClient.java:71)
	at org.apache.http.impl.client.CloseableHttpClient.execute(CloseableHttpClient.java:55)
	at org.openqa.selenium.remote.internal.ApacheHttpClient.fallBackExecute(ApacheHttpClient.java:144)
	at org.openqa.selenium.remote.internal.ApacheHttpClient.execute(ApacheHttpClient.java:90)
	at org.openqa.selenium.remote.HttpCommandExecutor.execute(HttpCommandExecutor.java:142)
	at org.openqa.selenium.firefox.internal.NewProfileExtensionConnection.execute(NewProfileExtensionConnection.java:160)
	at org.openqa.selenium.firefox.FirefoxDriver$LazyCommandExecutor.execute(FirefoxDriver.java:380)
	at org.openqa.selenium.remote.RemoteWebDriver.execute(RemoteWebDriver.java:644)
	... 27 more
Caused by: java.net.ConnectException: Connection refused: connect
	at java.net.DualStackPlainSocketImpl.waitForConnect(Native Method)
	at java.net.DualStackPlainSocketImpl.socketConnect(Unknown Source)
	at java.net.AbstractPlainSocketImpl.doConnect(Unknown Source)
	at java.net.AbstractPlainSocketImpl.connectToAddress(Unknown Source)
	at java.net.AbstractPlainSocketImpl.connect(Unknown Source)
	at java.net.PlainSocketImpl.connect(Unknown Source)
	at java.net.SocksSocketImpl.connect(Unknown Source)
	at java.net.Socket.connect(Unknown Source)
	at org.apache.http.conn.socket.PlainConnectionSocketFactory.connectSocket(PlainConnectionSocketFactory.java:74)
	at org.apache.http.impl.conn.DefaultHttpClientConnectionOperator.connect(DefaultHttpClientConnectionOperator.java:134)
	... 42 more
... Removed 25 stack frames]]>
    </failure>
  </testcase> <!-- @BeforeMethod LoginSitecore -->
  <testcase name="@AfterMethod LogoutSitecore" time="0.0" classname="fotf_Testcase.AboutusPage_PageEditor_OneItem">
    <skipped/>
  </testcase> <!-- @AfterMethod LogoutSitecore -->
  <testcase name="@BeforeMethod LoginSitecore" time="0.0" classname="fotf_Testcase.AboutusPage_PageEditor_OneItem">
    <skipped/>
  </testcase> <!-- @BeforeMethod LoginSitecore -->
  <testcase name="@AfterMethod LogoutSitecore" time="0.0" classname="fotf_Testcase.AboutusPage_PageEditor_OneItem">
    <skipped/>
  </testcase> <!-- @AfterMethod LogoutSitecore -->
  <testcase name="@BeforeMethod LoginSitecore" time="0.0" classname="fotf_Testcase.AboutusPage_PageEditor_OneItem">
    <skipped/>
  </testcase> <!-- @BeforeMethod LoginSitecore -->
  <testcase name="@AfterMethod LogoutSitecore" time="0.0" classname="fotf_Testcase.AboutusPage_PageEditor_OneItem">
    <skipped/>
  </testcase> <!-- @AfterMethod LogoutSitecore -->
  <testcase name="@BeforeMethod LoginSitecore" time="0.0" classname="fotf_Testcase.AboutusPage_PageEditor_OneItem">
    <skipped/>
  </testcase> <!-- @BeforeMethod LoginSitecore -->
  <testcase name="@AfterMethod LogoutSitecore" time="0.0" classname="fotf_Testcase.AboutusPage_PageEditor_OneItem">
    <skipped/>
  </testcase> <!-- @AfterMethod LogoutSitecore -->
  <testcase name="@BeforeMethod LoginSitecore" time="0.0" classname="fotf_Testcase.AboutusPage_PageEditor_OneItem">
    <skipped/>
  </testcase> <!-- @BeforeMethod LoginSitecore -->
  <testcase name="@AfterMethod LogoutSitecore" time="0.0" classname="fotf_Testcase.AboutusPage_PageEditor_OneItem">
    <skipped/>
  </testcase> <!-- @AfterMethod LogoutSitecore -->
  <testcase name="@BeforeMethod LoginSitecore" time="0.0" classname="fotf_Testcase.AboutusPage_PageEditor_OneItem">
    <skipped/>
  </testcase> <!-- @BeforeMethod LoginSitecore -->
  <testcase name="@AfterMethod LogoutSitecore" time="0.0" classname="fotf_Testcase.AboutusPage_PageEditor_OneItem">
    <skipped/>
  </testcase> <!-- @AfterMethod LogoutSitecore -->
  <testcase name="@BeforeMethod LoginSitecore" time="0.0" classname="fotf_Testcase.AboutusPage_PageEditor_OneItem">
    <skipped/>
  </testcase> <!-- @BeforeMethod LoginSitecore -->
  <testcase name="@AfterMethod LogoutSitecore" time="0.0" classname="fotf_Testcase.AboutusPage_PageEditor_OneItem">
    <skipped/>
  </testcase> <!-- @AfterMethod LogoutSitecore -->
  <testcase name="@BeforeMethod LoginSitecore" time="0.0" classname="fotf_Testcase.AboutusPage_PageEditor_OneItem">
    <skipped/>
  </testcase> <!-- @BeforeMethod LoginSitecore -->
  <testcase name="@AfterMethod LogoutSitecore" time="0.0" classname="fotf_Testcase.AboutusPage_PageEditor_OneItem">
    <skipped/>
  </testcase> <!-- @AfterMethod LogoutSitecore -->
  <testcase name="@BeforeMethod LoginSitecore" time="0.0" classname="fotf_Testcase.AboutusPage_PageEditor_TwoItem">
    <failure type="org.openqa.selenium.remote.UnreachableBrowserException" message="Error communicating with the remote browser. It may have died.
Build info: version: &amp;apos;2.53.0&amp;apos;, revision: &amp;apos;35ae25b&amp;apos;, time: &amp;apos;2016-03-15 16:57:40&amp;apos;
System info: host: &amp;apos;Arun-pc&amp;apos;, ip: &amp;apos;192.2.200.122&amp;apos;, os.name: &amp;apos;Windows 7&amp;apos;, os.arch: &amp;apos;amd64&amp;apos;, os.version: &amp;apos;6.1&amp;apos;, java.version: &amp;apos;1.8.0_91&amp;apos;
Driver info: driver.version: RemoteWebDriver
Capabilities [{applicationCacheEnabled=true, rotatable=false, handlesAlerts=true, databaseEnabled=true, version=46.0.1, platform=WINDOWS, nativeEvents=false, acceptSslCerts=true, webStorageEnabled=true, locationContextEnabled=true, browserName=firefox, takesScreenshot=true, javascriptEnabled=true, cssSelectorsEnabled=true}]
Session ID: a92a59a9-3086-4464-baae-962f830c23d1">
      <![CDATA[org.openqa.selenium.remote.UnreachableBrowserException: Error communicating with the remote browser. It may have died.
Build info: version: '2.53.0', revision: '35ae25b', time: '2016-03-15 16:57:40'
System info: host: 'Arun-pc', ip: '192.2.200.122', os.name: 'Windows 7', os.arch: 'amd64', os.version: '6.1', java.version: '1.8.0_91'
Driver info: driver.version: RemoteWebDriver
Capabilities [{applicationCacheEnabled=true, rotatable=false, handlesAlerts=true, databaseEnabled=true, version=46.0.1, platform=WINDOWS, nativeEvents=false, acceptSslCerts=true, webStorageEnabled=true, locationContextEnabled=true, browserName=firefox, takesScreenshot=true, javascriptEnabled=true, cssSelectorsEnabled=true}]
Session ID: a92a59a9-3086-4464-baae-962f830c23d1
	at org.openqa.selenium.remote.RemoteWebDriver.execute(RemoteWebDriver.java:665)
	at org.openqa.selenium.remote.RemoteWebDriver.get(RemoteWebDriver.java:316)
	at fotf_Testcase.AboutusPage_PageEditor_TwoItem.LoginSitecore(AboutusPage_PageEditor_TwoItem.java:21)
Caused by: org.apache.http.conn.HttpHostConnectException: Connect to 127.0.0.1:7055 [/127.0.0.1] failed: Connection refused: connect
	at org.apache.http.impl.conn.DefaultHttpClientConnectionOperator.connect(DefaultHttpClientConnectionOperator.java:151)
	at org.apache.http.impl.conn.PoolingHttpClientConnectionManager.connect(PoolingHttpClientConnectionManager.java:353)
	at org.apache.http.impl.execchain.MainClientExec.establishRoute(MainClientExec.java:380)
	at org.apache.http.impl.execchain.MainClientExec.execute(MainClientExec.java:236)
	at org.apache.http.impl.execchain.ProtocolExec.execute(ProtocolExec.java:184)
	at org.apache.http.impl.execchain.RetryExec.execute(RetryExec.java:88)
	at org.apache.http.impl.execchain.RedirectExec.execute(RedirectExec.java:110)
	at org.apache.http.impl.client.InternalHttpClient.doExecute(InternalHttpClient.java:184)
	at org.apache.http.impl.client.CloseableHttpClient.execute(CloseableHttpClient.java:71)
	at org.apache.http.impl.client.CloseableHttpClient.execute(CloseableHttpClient.java:55)
	at org.openqa.selenium.remote.internal.ApacheHttpClient.fallBackExecute(ApacheHttpClient.java:144)
	at org.openqa.selenium.remote.internal.ApacheHttpClient.execute(ApacheHttpClient.java:90)
	at org.openqa.selenium.remote.HttpCommandExecutor.execute(HttpCommandExecutor.java:142)
	at org.openqa.selenium.firefox.internal.NewProfileExtensionConnection.execute(NewProfileExtensionConnection.java:160)
	at org.openqa.selenium.firefox.FirefoxDriver$LazyCommandExecutor.execute(FirefoxDriver.java:380)
	at org.openqa.selenium.remote.RemoteWebDriver.execute(RemoteWebDriver.java:644)
	... 27 more
Caused by: java.net.ConnectException: Connection refused: connect
	at java.net.DualStackPlainSocketImpl.waitForConnect(Native Method)
	at java.net.DualStackPlainSocketImpl.socketConnect(Unknown Source)
	at java.net.AbstractPlainSocketImpl.doConnect(Unknown Source)
	at java.net.AbstractPlainSocketImpl.connectToAddress(Unknown Source)
	at java.net.AbstractPlainSocketImpl.connect(Unknown Source)
	at java.net.PlainSocketImpl.connect(Unknown Source)
	at java.net.SocksSocketImpl.connect(Unknown Source)
	at java.net.Socket.connect(Unknown Source)
[...]
System info: host: 'Arun-pc', ip: '192.2.200.122', os.name: 'Windows 7', os.arch: 'amd64', os.version: '6.1', java.version: '1.8.0_91'
Driver info: driver.version: RemoteWebDriver
Capabilities [{applicationCacheEnabled=true, rotatable=false, handlesAlerts=true, databaseEnabled=true, version=46.0.1, platform=WINDOWS, nativeEvents=false, acceptSslCerts=true, webStorageEnabled=true, locationContextEnabled=true, browserName=firefox, takesScreenshot=true, javascriptEnabled=true, cssSelectorsEnabled=true}]
Session ID: a92a59a9-3086-4464-baae-962f830c23d1
	at org.openqa.selenium.remote.RemoteWebDriver.execute(RemoteWebDriver.java:665)
	at org.openqa.selenium.remote.RemoteWebDriver.get(RemoteWebDriver.java:316)
	at fotf_Testcase.AboutusPage_PageEditor_CustomInitiative.LoginSitecore(AboutusPage_PageEditor_CustomInitiative.java:27)
Caused by: org.apache.http.conn.HttpHostConnectException: Connect to 127.0.0.1:7055 [/127.0.0.1] failed: Connection refused: connect
	at org.apache.http.impl.conn.DefaultHttpClientConnectionOperator.connect(DefaultHttpClientConnectionOperator.java:151)
	at org.apache.http.impl.conn.PoolingHttpClientConnectionManager.connect(PoolingHttpClientConnectionManager.java:353)
	at org.apache.http.impl.execchain.MainClientExec.establishRoute(MainClientExec.java:380)
	at org.apache.http.impl.execchain.MainClientExec.execute(MainClientExec.java:236)
	at org.apache.http.impl.execchain.ProtocolExec.execute(ProtocolExec.java:184)
	at org.apache.http.impl.execchain.RetryExec.execute(RetryExec.java:88)
	at org.apache.http.impl.execchain.RedirectExec.execute(RedirectExec.java:110)
	at org.apache.http.impl.client.InternalHttpClient.doExecute(InternalHttpClient.java:184)
	at org.apache.http.impl.client.CloseableHttpClient.execute(CloseableHttpClient.java:71)
	at org.apache.http.impl.client.CloseableHttpClient.execute(CloseableHttpClient.java:55)
	at org.openqa.selenium.remote.internal.ApacheHttpClient.fallBackExecute(ApacheHttpClient.java:144)
	at org.openqa.selenium.remote.internal.ApacheHttpClient.execute(ApacheHttpClient.java:90)
	at org.openqa.selenium.remote.HttpCommandExecutor.execute(HttpCommandExecutor.java:142)
	at org.openqa.selenium.firefox.internal.NewProfileExtensionConnection.execute(NewProfileExtensionConnection.java:160)
	at org.openqa.selenium.firefox.FirefoxDriver$LazyCommandExecutor.execute(FirefoxDriver.java:380)
	at org.openqa.selenium.remote.RemoteWebDriver.execute(RemoteWebDriver.java:644)
	... 27 more
Caused by: java.net.ConnectException: Connection refused: connect
	at java.net.DualStackPlainSocketImpl.waitForConnect(Native Method)
	at java.net.DualStackPlainSocketImpl.socketConnect(Unknown Source)
	at java.net.AbstractPlainSocketImpl.doConnect(Unknown Source)
	at java.net.AbstractPlainSocketImpl.connectToAddress(Unknown Source)
	at java.net.AbstractPlainSocketImpl.connect(Unknown Source)
	at java.net.PlainSocketImpl.connect(Unknown Source)
	at java.net.SocksSocketImpl.connect(Unknown Source)
	at java.net.Socket.connect(Unknown Source)
	at org.apache.http.conn.socket.PlainConnectionSocketFactory.connectSocket(PlainConnectionSocketFactory.java:74)
	at org.apache.http.impl.conn.DefaultHttpClientConnectionOperator.connect(DefaultHttpClientConnectionOperator.java:134)
	... 42 more
... Removed 25 stack frames]]>
    </failure>
  </testcase> <!-- @BeforeMethod LoginSitecore -->
  <testcase name="@AfterMethod LogoutSitecore" time="0.0" classname="fotf_Testcase.AboutusPage_PageEditor_CustomInitiative">
    <skipped/>
  </testcase> <!-- @AfterMethod LogoutSitecore -->
  <testcase name="@BeforeMethod LoginSitecore" time="0.0" classname="fotf_Testcase.AboutusPage_PageEditor_CustomInitiative">
    <skipped/>
  </testcase> <!-- @BeforeMethod LoginSitecore -->
  <testcase name="@AfterMethod LogoutSitecore" time="0.0" classname="fotf_Testcase.AboutusPage_PageEditor_CustomInitiative">
    <skipped/>
  </testcase> <!-- @AfterMethod LogoutSitecore -->
  <testcase name="@BeforeMethod LoginSitecore" time="0.0" classname="fotf_Testcase.AboutusPage_PageEditor_CustomInitiative">
    <skipped/>
  </testcase> <!-- @BeforeMethod LoginSitecore -->
  <testcase name="@AfterMethod LogoutSitecore" time="0.0" classname="fotf_Testcase.AboutusPage_PageEditor_CustomInitiative">
    <skipped/>
  </testcase> <!-- @AfterMethod LogoutSitecore -->
  <testcase name="@BeforeMethod LoginSitecore" time="0.0" classname="fotf_Testcase.AboutusPage_PageEditor_CustomInitiative">
    <skipped/>
  </testcase> <!-- @BeforeMethod LoginSitecore -->
  <testcase name="@AfterMethod LogoutSitecore" time="0.0" classname="fotf_Testcase.AboutusPage_PageEditor_CustomInitiative">
    <skipped/>
  </testcase> <!-- @AfterMethod LogoutSitecore -->
  <testcase name="@AfterTest closeDriver" time="0.0" classname="fotf_Testcase.AboutusPage_ContentEditor_OneItem">
    <skipped/>
  </testcase> <!-- @AfterTest closeDriver -->
  <testcase name="AboutUs_ImageOnRight" time="0.0" classname="fotf_Testcase.AboutusPage_ContentEditor_OneItem">
    <skipped/>
  </testcase> <!-- AboutUs_ImageOnRight -->
  <testcase name="AboutUs_ImageOnLeft" time="0.0" classname="fotf_Testcase.AboutusPage_ContentEditor_OneItem">
    <skipped/>
  </testcase> <!-- AboutUs_ImageOnLeft -->
  <testcase name="AboutUs_ButtonOnRight" time="0.0" classname="fotf_Testcase.AboutusPage_ContentEditor_OneItem">
    <skipped/>
  </testcase> <!-- AboutUs_ButtonOnRight -->
  <testcase name="AboutUs_ButtonOnLeft" time="0.0" classname="fotf_Testcase.AboutusPage_ContentEditor_OneItem">
    <skipped/>
  </testcase> <!-- AboutUs_ButtonOnLeft -->
  <testcase name="AboutUs_ButtonOnBottom" time="0.0" classname="fotf_Testcase.AboutusPage_ContentEditor_OneItem">
    <skipped/>
  </testcase> <!-- AboutUs_ButtonOnBottom -->
  <testcase name="AboutUs_LeftAlignedImageListItems" time="0.0" classname="fotf_Testcase.AboutusPage_ContentEditor_OneItem">
    <skipped/>
  </testcase> <!-- AboutUs_LeftAlignedImageListItems -->
  <testcase name="AboutUs_RightAlignedImageListItems" time="0.0" classname="fotf_Testcase.AboutusPage_ContentEditor_OneItem">
    <skipped/>
  </testcase> <!-- AboutUs_RightAlignedImageListItems -->
  <testcase name="AboutUs_IFrameOnRightAlignedImageListItems" time="0.0" classname="fotf_Testcase.AboutusPage_ContentEditor_OneItem">
    <skipped/>
  </testcase> <!-- AboutUs_IFrameOnRightAlignedImageListItems -->
  <testcase name="AboutUs_TwoItemsSideBySide" time="0.0" classname="fotf_Testcase.AboutusPage_ContentEditor_TwoItem">
    <skipped/>
  </testcase> <!-- AboutUs_TwoItemsSideBySide -->
  <testcase name="AboutUs_TwoItemsSideBySideCentered" time="0.0" classname="fotf_Testcase.AboutusPage_ContentEditor_TwoItem">
    <skipped/>
  </testcase> <!-- AboutUs_TwoItemsSideBySideCentered -->
  <testcase name="AboutUs_ThreeItemsThreeColumns" time="0.0" classname="fotf_Testcase.AboutusPage_ContentEditor_ThreeItem">
    <skipped/>
  </testcase> <!-- AboutUs_ThreeItemsThreeColumns -->
  <testcase name="AboutUs_ThreeItemsStackedImageLeft" time="0.0" classname="fotf_Testcase.AboutusPage_ContentEditor_ThreeItem">
    <skipped/>
  </testcase> <!-- AboutUs_ThreeItemsStackedImageLeft -->
  <testcase name="AboutUs_ThreeItemsThreeColumnsLinksOverlaid" time="0.0" classname="fotf_Testcase.AboutusPage_ContentEditor_ThreeItem">
    <skipped/>
  </testcase> <!-- AboutUs_ThreeItemsThreeColumnsLinksOverlaid -->
  <testcase name="AboutUs_FourItemsFourColumnsRectangle" time="0.0" classname="fotf_Testcase.AboutusPage_ContentEditor_FourItem">
    <skipped/>
  </testcase> <!-- AboutUs_FourItemsFourColumnsRectangle -->
  <testcase name="AboutUs_FourItemsWithInset" time="0.0" classname="fotf_Testcase.AboutusPage_ContentEditor_FourItem">
    <skipped/>
  </testcase> <!-- AboutUs_FourItemsWithInset -->
  <testcase name="AboutUs_FourItemsTwoColumns" time="0.0" classname="fotf_Testcase.AboutusPage_ContentEditor_FourItem">
    <skipped/>
  </testcase> <!-- AboutUs_FourItemsTwoColumns -->
  <testcase name="AboutUs_FourItemsFourColumnsSquare" time="0.0" classname="fotf_Testcase.AboutusPage_ContentEditor_FourItem">
    <skipped/>
  </testcase> <!-- AboutUs_FourItemsFourColumnsSquare -->
  <testcase name="AboutUs_FiveItemsFiveColumn" time="0.0" classname="fotf_Testcase.AboutusPage_ContentEditor_FiveItem">
    <skipped/>
  </testcase> <!-- AboutUs_FiveItemsFiveColumn -->
  <testcase name="AboutUs_FiveItems2x3" time="0.0" classname="fotf_Testcase.AboutusPage_ContentEditor_FiveItem">
    <skipped/>
  </testcase> <!-- AboutUs_FiveItems2x3 -->
  <testcase name="AboutUs_SixItemsThreeColumns" time="0.001" classname="fotf_Testcase.AboutusPage_ContentEditor_SixItem">
    <skipped/>
  </testcase> <!-- AboutUs_SixItemsThreeColumns -->
  <testcase name="AboutUs_SixItemsSixColumns" time="0.0" classname="fotf_Testcase.AboutusPage_ContentEditor_SixItem">
    <skipped/>
  </testcase> <!-- AboutUs_SixItemsSixColumns -->
  <testcase name="AboutUs_SixItemsSixColumnsWithText" time="0.0" classname="fotf_Testcase.AboutusPage_ContentEditor_SixItem">
    <skipped/>
  </testcase> <!-- AboutUs_SixItemsSixColumnsWithText -->
  <testcase name="AboutUs_SixItemsTwoColumns" time="0.0" classname="fotf_Testcase.AboutusPage_ContentEditor_SixItem">
    <skipped/>
  </testcase> <!-- AboutUs_SixItemsTwoColumns -->
  <testcase name="AboutUs_HeaderImageOnLeft" time="0.0" classname="fotf_Testcase.AboutusPage_ContentEditor_Header">
    <skipped/>
  </testcase> <!-- AboutUs_HeaderImageOnLeft -->
  <testcase name="AboutUs_HeaderImageOnRight" time="0.0" classname="fotf_Testcase.AboutusPage_ContentEditor_Header">
    <skipped/>
  </testcase> <!-- AboutUs_HeaderImageOnRight -->
  <testcase name="AboutUs_HeaderImageOnTop" time="0.0" classname="fotf_Testcase.AboutusPage_ContentEditor_Header">
    <skipped/>
  </testcase> <!-- AboutUs_HeaderImageOnTop -->
  <testcase name="AboutUs_HeaderVideoOnRight" time="0.0" classname="fotf_Testcase.AboutusPage_ContentEditor_Header">
    <skipped/>
  </testcase> <!-- AboutUs_HeaderVideoOnRight -->
  <testcase name="AboutUs_HeaderImageCarousel" time="0.0" classname="fotf_Testcase.AboutusPage_ContentEditor_Header">
    <skipped/>
  </testcase> <!-- AboutUs_HeaderImageCarousel -->
  <testcase name="AboutUs_Article" time="0.001" classname="fotf_Testcase.AboutusPage_ContentEditor_Article">
    <skipped/>
  </testcase> <!-- AboutUs_Article -->
  <testcase name="AboutUs_ArticlePublicationDate" time="0.0" classname="fotf_Testcase.AboutusPage_ContentEditor_Article">
    <skipped/>
  </testcase> <!-- AboutUs_ArticlePublicationDate -->
  <testcase name="AboutUs_ArticleIsFeatured" time="0.0" classname="fotf_Testcase.AboutusPage_ContentEditor_Article">
    <skipped/>
  </testcase> <!-- AboutUs_ArticleIsFeatured -->
  <testcase name="AboutUs_ShowHideImageLeft" time="0.0" classname="fotf_Testcase.AboutusPage_ContentEditor_Showhide">
    <skipped/>
  </testcase> <!-- AboutUs_ShowHideImageLeft -->
  <testcase name="AboutUs_ShowHideBasic" time="0.0" classname="fotf_Testcase.AboutusPage_ContentEditor_Showhide">
    <skipped/>
  </testcase> <!-- AboutUs_ShowHideBasic -->
  <testcase name="AboutUs_ShowHideBasicGroupByyear_Article" time="0.0" classname="fotf_Testcase.AboutusPage_ContentEditor_Showhide">
    <skipped/>
  </testcase> <!-- AboutUs_ShowHideBasicGroupByyear_Article -->
  <testcase name="AboutUs_TimeLine" time="0.001" classname="fotf_Testcase.AboutusPage_ContentEditor_Timeline">
    <skipped/>
  </testcase> <!-- AboutUs_TimeLine -->
  <testcase name="AboutUs_PageComponentHeader" time="0.0" classname="fotf_Testcase.AboutusPage_ContentEditor_PageComponentHeader">
    <skipped/>
  </testcase> <!-- AboutUs_PageComponentHeader -->
  <testcase name="Initiative_LeftHeroImage" time="0.0" classname="fotf_Testcase.AboutusPage_ContentEditor_CustomInitiative">
    <skipped/>
  </testcase> <!-- Initiative_LeftHeroImage -->
  <testcase name="Initiative_RightHeroImage" time="0.0" classname="fotf_Testcase.AboutusPage_ContentEditor_CustomInitiative">
    <skipped/>
  </testcase> <!-- Initiative_RightHeroImage -->
  <testcase name="Initiative_LeftHeroVideo" time="0.0" classname="fotf_Testcase.AboutusPage_ContentEditor_CustomInitiative">
    <skipped/>
  </testcase> <!-- Initiative_LeftHeroVideo -->
  <testcase name="Initiative_RightHeroVideo" time="0.0" classname="fotf_Testcase.AboutusPage_ContentEditor_CustomInitiative">
    <skipped/>
  </testcase> <!-- Initiative_RightHeroVideo -->
  <testcase name="AboutUs_ImageOnRight" time="0.0" classname="fotf_Testcase.AboutusPage_PageEditor_OneItem">
    <skipped/>
  </testcase> <!-- AboutUs_ImageOnRight -->
  <testcase name="AboutUs_ImageOnLeft" time="0.0" classname="fotf_Testcase.AboutusPage_PageEditor_OneItem">
    <skipped/>
  </testcase> <!-- AboutUs_ImageOnLeft -->
  <testcase name="AboutUs_ButtonOnRight" time="0.0" classname="fotf_Testcase.AboutusPage_PageEditor_OneItem">
    <skipped/>
  </testcase> <!-- AboutUs_ButtonOnRight -->
  <testcase name="AboutUs_ButtonOnLeft" time="0.0" classname="fotf_Testcase.AboutusPage_PageEditor_OneItem">
    <skipped/>
  </testcase> <!-- AboutUs_ButtonOnLeft -->
  <testcase name="AboutUs_ButtonOnBottom" time="0.0" classname="fotf_Testcase.AboutusPage_PageEditor_OneItem">
    <skipped/>
  </testcase> <!-- AboutUs_ButtonOnBottom -->
  <testcase name="AboutUs_LeftAlignedImageListItems" time="0.0" classname="fotf_Testcase.AboutusPage_PageEditor_OneItem">
    <skipped/>
  </testcase> <!-- AboutUs_LeftAlignedImageListItems -->
  <testcase name="AboutUs_RightAlignedImageListItems" time="0.0" classname="fotf_Testcase.AboutusPage_PageEditor_OneItem">
    <skipped/>
  </testcase> <!-- AboutUs_RightAlignedImageListItems -->
  <testcase name="AboutUs_IFrameOnRightAlignedImageListItems" time="0.0" classname="fotf_Testcase.AboutusPage_PageEditor_OneItem">
    <skipped/>
  </testcase> <!-- AboutUs_IFrameOnRightAlignedImageListItems -->
  <testcase name="AboutUs_TwoItemsSideBySide" time="0.0" classname="fotf_Testcase.AboutusPage_PageEditor_TwoItem">
    <skipped/>
  </testcase> <!-- AboutUs_TwoItemsSideBySide -->
  <testcase name="AboutUs_TwoItemsSideBySideCentered" time="0.0" classname="fotf_Testcase.AboutusPage_PageEditor_TwoItem">
    <skipped/>
  </testcase> <!-- AboutUs_TwoItemsSideBySideCentered -->
  <testcase name="AboutUs_ThreeItemsThreeColumns" time="0.001" classname="fotf_Testcase.AboutusPage_PageEditor_ThreeItem">
    <skipped/>
  </testcase> <!-- AboutUs_ThreeItemsThreeColumns -->
  <testcase name="AboutUs_ThreeItemsStackedImageLeft" time="0.0" classname="fotf_Testcase.AboutusPage_PageEditor_ThreeItem">
    <skipped/>
  </testcase> <!-- AboutUs_ThreeItemsStackedImageLeft -->
  <testcase name="AboutUs_ThreeItemsThreeColumnsLinksOverlaid" time="0.0" classname="fotf_Testcase.AboutusPage_PageEditor_ThreeItem">
    <skipped/>
  </testcase> <!-- AboutUs_ThreeItemsThreeColumnsLinksOverlaid -->
  <testcase name="AboutUs_FourItemsFourColumnsRectangle" time="0.0" classname="fotf_Testcase.AboutusPage_PageEditor_FourItem">
    <skipped/>
  </testcase> <!-- AboutUs_FourItemsFourColumnsRectangle -->
  <testcase name="AboutUs_FourItemsWithInset" time="0.0" classname="fotf_Testcase.AboutusPage_PageEditor_FourItem">
    <skipped/>
  </testcase> <!-- AboutUs_FourItemsWithInset -->
  <testcase name="AboutUs_FourItemsTwoColumns" time="0.0" classname="fotf_Testcase.AboutusPage_PageEditor_FourItem">
    <skipped/>
  </testcase> <!-- AboutUs_FourItemsTwoColumns -->
  <testcase name="AboutUs_FourItemsFourColumnsSquare" time="0.0" classname="fotf_Testcase.AboutusPage_PageEditor_FourItem">
    <skipped/>
  </testcase> <!-- AboutUs_FourItemsFourColumnsSquare -->
  <testcase name="AboutUs_FiveItemsFiveColumn" time="0.0" classname="fotf_Testcase.AboutusPage_PageEditor_FiveItem">
    <skipped/>
  </testcase> <!-- AboutUs_FiveItemsFiveColumn -->
  <testcase name="AboutUs_FiveItems2x3" time="0.0" classname="fotf_Testcase.AboutusPage_PageEditor_FiveItem">
    <skipped/>
  </testcase> <!-- AboutUs_FiveItems2x3 -->
  <testcase name="AboutUs_SixItemsThreeColumns" time="0.0" classname="fotf_Testcase.AboutusPage_PageEditor_SixItem">
    <skipped/>
  </testcase> <!-- AboutUs_SixItemsThreeColumns -->
  <testcase name="AboutUs_SixItemsSixColumns" time="0.0" classname="fotf_Testcase.AboutusPage_PageEditor_SixItem">
    <skipped/>
  </testcase> <!-- AboutUs_SixItemsSixColumns -->
  <testcase name="AboutUs_SixItemsSixColumnsWithText" time="0.0" classname="fotf_Testcase.AboutusPage_PageEditor_SixItem">
    <skipped/>
  </testcase> <!-- AboutUs_SixItemsSixColumnsWithText -->
  <testcase name="AboutUs_SixItemsTwoColumns" time="0.0" classname="fotf_Testcase.AboutusPage_PageEditor_SixItem">
    <skipped/>
  </testcase> <!-- AboutUs_SixItemsTwoColumns -->
  <testcase name="AboutUs_HeaderImageOnLeft" time="0.0" classname="fotf_Testcase.AboutusPage_PageEditor_Header">
    <skipped/>
  </testcase> <!-- AboutUs_HeaderImageOnLeft -->
  <testcase name="AboutUs_HeaderImageOnRight" time="0.0" classname="fotf_Testcase.AboutusPage_PageEditor_Header">
    <skipped/>
  </testcase> <!-- AboutUs_HeaderImageOnRight -->
  <testcase name="AboutUs_HeaderImageOnTop" time="0.0" classname="fotf_Testcase.AboutusPage_PageEditor_Header">
    <skipped/>
  </testcase> <!-- AboutUs_HeaderImageOnTop -->
  <testcase name="AboutUs_HeaderVideoOnRight" time="0.0" classname="fotf_Testcase.AboutusPage_PageEditor_Header">
    <skipped/>
  </testcase> <!-- AboutUs_HeaderVideoOnRight -->
  <testcase name="AboutUs_HeaderImageCarousel" time="0.0" classname="fotf_Testcase.AboutusPage_PageEditor_Header">
    <skipped/>
  </testcase> <!-- AboutUs_HeaderImageCarousel -->
  <testcase name="AboutUs_Article" time="0.001" classname="fotf_Testcase.AboutusPage_PageEditor_Article">
    <skipped/>
  </testcase> <!-- AboutUs_Article -->
  <testcase name="AboutUs_ArticlePublicationDate" time="0.0" classname="fotf_Testcase.AboutusPage_PageEditor_Article">
    <skipped/>
  </testcase> <!-- AboutUs_ArticlePublicationDate -->
  <testcase name="AboutUs_MergeArticleAndArticle" time="0.0" classname="fotf_Testcase.AboutusPage_PageEditor_Article">
    <skipped/>
  </testcase> <!-- AboutUs_MergeArticleAndArticle -->
  <testcase name="AboutUs_ArticleIsFeatured" time="0.0" classname="fotf_Testcase.AboutusPage_PageEditor_Article">
    <skipped/>
  </testcase> <!-- AboutUs_ArticleIsFeatured -->
  <testcase name="AboutUs_ShowHideImageLeft" time="0.0" classname="fotf_Testcase.AboutusPage_PageEditor_Showhide">
    <skipped/>
  </testcase> <!-- AboutUs_ShowHideImageLeft -->
  <testcase name="AboutUs_ShowHideBasic" time="0.0" classname="fotf_Testcase.AboutusPage_PageEditor_Showhide">
    <skipped/>
  </testcase> <!-- AboutUs_ShowHideBasic -->
  <testcase name="AboutUs_ShowHideBasicGroupByyear_Article" time="0.0" classname="fotf_Testcase.AboutusPage_PageEditor_Showhide">
    <skipped/>
  </testcase> <!-- AboutUs_ShowHideBasicGroupByyear_Article -->
  <testcase name="AboutUs_TimeLine" time="0.0" classname="fotf_Testcase.AboutusPage_PageEditor_Timeline">
    <skipped/>
  </testcase> <!-- AboutUs_TimeLine -->
  <testcase name="AboutUs_PageComponentHeader" time="0.0" classname="fotf_Testcase.AboutusPage_PageEditor_PageComponentHeader">
    <skipped/>
  </testcase> <!-- AboutUs_PageComponentHeader -->
  <testcase name="Initiative_LeftHeroImage" time="0.0" classname="fotf_Testcase.AboutusPage_PageEditor_CustomInitiative">
    <skipped/>
  </testcase> <!-- Initiative_LeftHeroImage -->
  <testcase name="Initiative_RightHeroImage" time="0.0" classname="fotf_Testcase.AboutusPage_PageEditor_CustomInitiative">
    <skipped/>
  </testcase> <!-- Initiative_RightHeroImage -->
  <testcase name="Initiative_LeftHeroVideo" time="0.0" classname="fotf_Testcase.AboutusPage_PageEditor_CustomInitiative">
    <skipped/>
  </testcase> <!-- Initiative_LeftHeroVideo -->
  <testcase name="Initiative_RightHeroVideo" time="0.0" classname="fotf_Testcase.AboutusPage_PageEditor_CustomInitiative">
    <skipped/>
  </testcase> <!-- Initiative_RightHeroVideo -->
</testsuite> <!-- Firefox -->
